Array
(
    [zayav_id] => 1
    [new_spec_id] => 1
)
zayavId: 1, newSpecId: 1
Специальность успешно изменена
Array
(
    [zayav_id] => 1
    [new_spec_id] => 16
)
zayavId: 1, newSpecId: 16
Специальность успешно изменена
Array
(
    [zayav_id] => 2
    [new_spec_id] => 10
)
zayavId: 2, newSpecId: 10
Специальность успешно изменена
Array
(
    [zayav_id] => 2
    [new_spec_id] => 3
)
zayavId: 2, newSpecId: 3
Специальность успешно изменена
Array
(
    [zayav_id] => 1
    [new_spec_id] => 1
)
zayavId: 1, newSpecId: 1
Специальность успешно изменена
Array
(
    [zayav_id] => 1
    [new_spec_id] => 16
)
zayavId: 1, newSpecId: 16
Специальность успешно изменена
Array
(
    [zayav_id] => 1281
    [new_spec_id] => 9
)
zayavId: 1281, newSpecId: 9
Специальность успешно изменена
Array
(
    [zayav_id] => 1281
    [new_spec_id] => 2
)
zayavId: 1281, newSpecId: 2
Специальность успешно изменена
Array
(
    [zayav_id] => 1439
    [new_spec_id] => 17
)
zayavId: 1439, newSpecId: 17
Специальность успешно изменена
Array
(
    [zayav_id] => 1463
    [new_spec_id] => 13
)
zayavId: 1463, newSpecId: 13
Специальность успешно изменена
Array
(
    [zayav_id] => 1486
    [new_spec_id] => 1
)
zayavId: 1486, newSpecId: 1
Специальность успешно изменена
Array
(
    [zayav_id] => 1548
    [new_spec_id] => 14
)
zayavId: 1548, newSpecId: 14
Специальность успешно изменена
Array
(
    [zayav_id] => 1540
    [new_spec_id] => 18
)
zayavId: 1540, newSpecId: 18
Специальность успешно изменена
Array
(
    [zayav_id] => 1546
    [new_spec_id] => 18
)
zayavId: 1546, newSpecId: 18
Специальность успешно изменена
Array
(
    [zayav_id] => 1538
    [new_spec_id] => 3
)
zayavId: 1538, newSpecId: 3
Специальность успешно изменена
Array
(
    [zayav_id] => 1633
    [new_spec_id] => 3
)
zayavId: 1633, newSpecId: 3
Специальность успешно изменена
Array
(
    [zayav_id] => 1632
    [new_spec_id] => 18
)
zayavId: 1632, newSpecId: 18
Специальность успешно изменена
Array
(
    [zayav_id] => 1675
    [new_spec_id] => 4
)
zayavId: 1675, newSpecId: 4
Специальность успешно изменена
Array
(
    [zayav_id] => 735
    [new_spec_id] => 15
)
zayavId: 735, newSpecId: 15
Специальность успешно изменена
Array
(
    [zayav_id] => 2054
    [new_spec_id] => 1
)
zayavId: 2054, newSpecId: 1
Специальность успешно изменена
Array
(
    [zayav_id] => 2055
    [new_spec_id] => 5
)
zayavId: 2055, newSpecId: 5
Специальность успешно изменена
Array
(
    [zayav_id] => 579
    [new_spec_id] => 16
)
zayavId: 579, newSpecId: 16
Специальность успешно изменена
Array
(
    [zayav_id] => 1200
    [new_spec_id] => 20
)
zayavId: 1200, newSpecId: 20
Специальность успешно изменена
Array
(
    [zayav_id] => 2141
    [new_spec_id] => 6
)
zayavId: 2141, newSpecId: 6
Специальность успешно изменена
Array
(
    [zayav_id] => 54
    [new_spec_id] => 22
)
zayavId: 54, newSpecId: 22
Специальность успешно изменена
Array
(
    [zayav_id] => 1066
    [new_spec_id] => 13
)
zayavId: 1066, newSpecId: 13
Специальность успешно изменена
Array
(
    [zayav_id] => 2437
    [new_spec_id] => 15
)
zayavId: 2437, newSpecId: 15
Специальность успешно изменена
Array
(
    [zayav_id] => 2549
    [new_spec_id] => 15
)
zayavId: 2549, newSpecId: 15
Специальность успешно изменена
Array
(
    [zayav_id] => 2467
    [new_spec_id] => 2
)
zayavId: 2467, newSpecId: 2
Специальность успешно изменена
Array
(
    [zayav_id] => 1660
    [new_spec_id] => 5
)
zayavId: 1660, newSpecId: 5
Специальность успешно изменена
Array
(
    [zayav_id] => 3008
    [new_spec_id] => 5
)
zayavId: 3008, newSpecId: 5
Специальность успешно изменена
Array
(
    [zayav_id] => 3060
    [new_spec_id] => 15
)
zayavId: 3060, newSpecId: 15
Специальность успешно изменена
Array
(
    [zayav_id] => 3254
    [new_spec_id] => 13
)
zayavId: 3254, newSpecId: 13
Специальность успешно изменена
Array
(
    [zayav_id] => 2856
    [new_spec_id] => 14
)
zayavId: 2856, newSpecId: 14
Специальность успешно изменена
Array
(
    [zayav_id] => 3454
    [new_spec_id] => 4
)
zayavId: 3454, newSpecId: 4
Специальность успешно изменена
Array
(
    [zayav_id] => 3466
    [new_spec_id] => 21
)
zayavId: 3466, newSpecId: 21
Специальность успешно изменена
Array
(
    [zayav_id] => 1326
    [new_spec_id] => 17
)
zayavId: 1326, newSpecId: 17
Специальность успешно изменена
Array
(
    [zayav_id] => 3460
    [new_spec_id] => 8
)
zayavId: 3460, newSpecId: 8
Специальность успешно изменена
Array
(
    [zayav_id] => 1235
    [new_spec_id] => 4
)
zayavId: 1235, newSpecId: 4
Специальность успешно изменена
Array
(
    [zayav_id] => 1376
    [new_spec_id] => 1
)
zayavId: 1376, newSpecId: 1
Специальность успешно изменена
Array
(
    [zayav_id] => 3633
    [new_spec_id] => 4
)
zayavId: 3633, newSpecId: 4
Специальность успешно изменена
Array
(
    [zayav_id] => 3016
    [new_spec_id] => 13
)
zayavId: 3016, newSpecId: 13
Специальность успешно изменена
Array
(
    [zayav_id] => 3613
    [new_spec_id] => 3
)
zayavId: 3613, newSpecId: 3
Специальность успешно изменена
Array
(
    [zayav_id] => 58
    [new_spec_id] => 12
)
zayavId: 58, newSpecId: 12
Специальность успешно изменена
Array
(
    [zayav_id] => 2691
    [new_spec_id] => 16
)
zayavId: 2691, newSpecId: 16
Специальность успешно изменена
Array
(
    [zayav_id] => 676
    [new_spec_id] => 1
)
zayavId: 676, newSpecId: 1
Специальность успешно изменена
Array
(
    [zayav_id] => 2213
    [new_spec_id] => 1
)
zayavId: 2213, newSpecId: 1
Специальность успешно изменена
Array
(
    [zayav_id] => 1680
    [new_spec_id] => 4
)
zayavId: 1680, newSpecId: 4
Специальность успешно изменена
Array
(
    [zayav_id] => 3868
    [new_spec_id] => 14
)
zayavId: 3868, newSpecId: 14
Специальность успешно изменена
Array
(
    [zayav_id] => 3884
    [new_spec_id] => 1
)
zayavId: 3884, newSpecId: 1
Специальность успешно изменена
Array
(
    [zayav_id] => 3076
    [new_spec_id] => 1
)
zayavId: 3076, newSpecId: 1
Специальность успешно изменена
Array
(
    [zayav_id] => 853
    [new_spec_id] => 4
)
zayavId: 853, newSpecId: 4
Специальность успешно изменена
Array
(
    [zayav_id] => 855
    [new_spec_id] => 18
)
zayavId: 855, newSpecId: 18
Специальность успешно изменена
Array
(
    [zayav_id] => 2654
    [new_spec_id] => 1
)
zayavId: 2654, newSpecId: 1
Специальность успешно изменена
Array
(
    [zayav_id] => 2626
    [new_spec_id] => 3
)
zayavId: 2626, newSpecId: 3
Специальность успешно изменена
Array
(
    [zayav_id] => 3076
    [new_spec_id] => 17
)
zayavId: 3076, newSpecId: 17
Специальность успешно изменена
Array
(
    [zayav_id] => 65
    [new_spec_id] => 1
)
zayavId: 65, newSpecId: 1
Специальность успешно изменена
Array
(
    [zayav_id] => 3968
    [new_spec_id] => 23
)
zayavId: 3968, newSpecId: 23
Специальность успешно изменена
Array
(
    [zayav_id] => 3971
    [new_spec_id] => 23
)
zayavId: 3971, newSpecId: 23
Специальность успешно изменена
Array
(
    [zayav_id] => 3976
    [new_spec_id] => 25
)
zayavId: 3976, newSpecId: 25
Специальность успешно изменена
