[08-Dec-2025 11:50:43 Europe/Moscow] === START IMPORT PROCESS ===
[08-Dec-2025 11:50:43 Europe/Moscow] Загрузка файла: Заявление_5700564811_Кирьянова.docx
[08-Dec-2025 11:50:43 Europe/Moscow] Текст извлечен, длина: 6154
[08-Dec-2025 11:50:43 Europe/Moscow] Начало парсинга документа
[08-Dec-2025 11:50:43 Europe/Moscow] Найдено ФИО: Кирьянова Анастасия Васильевна
[08-Dec-2025 11:50:43 Europe/Moscow] Найден СНИЛС: 165-163-793 80
[08-Dec-2025 11:50:43 Europe/Moscow] Найдена дата рождения: 2008-01-17
[08-Dec-2025 11:50:43 Europe/Moscow] Найдена специальность с кодом: 38.02.01
[08-Dec-2025 11:50:43 Europe/Moscow] Найдена специальность с кодом: 38.02.03
[08-Dec-2025 11:50:43 Europe/Moscow] Найдена специальность с кодом: 38.02.01
[08-Dec-2025 11:50:43 Europe/Moscow] Найдена специальность с кодом: 38.02.03
[08-Dec-2025 11:50:43 Europe/Moscow] Найдена специальность с кодом: 29.01.34
[08-Dec-2025 11:50:43 Europe/Moscow] Найдена специальность с кодом: 15.01.38
[08-Dec-2025 11:50:43 Europe/Moscow] Найдена специальность с кодом: 15.02.09
[08-Dec-2025 11:50:43 Europe/Moscow] Найдена специальность с кодом: 40.02.02
[08-Dec-2025 11:50:43 Europe/Moscow] Заявление успешно распарсено
[08-Dec-2025 11:50:43 Europe/Moscow] Успешно распаршено заявлений: 1
[08-Dec-2025 11:50:43 Europe/Moscow] Начало импорта в базу данных
[08-Dec-2025 11:50:43 Europe/Moscow] Обработка заявления 0: Кирьянова
[08-Dec-2025 11:50:43 Europe/Moscow] Поиск абитуриента по СНИЛС: 165-163-793 80
[08-Dec-2025 11:50:43 Europe/Moscow] Найден существующий абитуриент ID: 2092
[08-Dec-2025 11:50:43 Europe/Moscow] Найдено специальностей: 8
[08-Dec-2025 11:50:43 Europe/Moscow] Обработка специальности 0: код='38.02.01', класс=, форма='', оплата=''
[08-Dec-2025 11:50:43 Europe/Moscow] Поиск специальности: код='38.02.01'
[08-Dec-2025 11:50:43 Europe/Moscow] SQL для поиска специальности: SELECT id_prof_spec FROM profec_spec 
            WHERE code = ? OR code = ? 
            LIMIT 1
[08-Dec-2025 11:50:43 Europe/Moscow] Найдена специальность ID: 12
[08-Dec-2025 11:50:43 Europe/Moscow] Найдена специальность ID: 12
[08-Dec-2025 11:50:43 Europe/Moscow] Комментарий для заявления: ГУ 08.12.2025
[08-Dec-2025 11:50:43 Europe/Moscow] Заявление успешно создано
[08-Dec-2025 11:50:43 Europe/Moscow] Обработка специальности 1: код='38.02.03', класс=, форма='', оплата=''
[08-Dec-2025 11:50:43 Europe/Moscow] Поиск специальности: код='38.02.03'
[08-Dec-2025 11:50:43 Europe/Moscow] SQL для поиска специальности: SELECT id_prof_spec FROM profec_spec 
            WHERE code = ? OR code = ? 
            LIMIT 1
[08-Dec-2025 11:50:43 Europe/Moscow] Найдена специальность ID: 16
[08-Dec-2025 11:50:43 Europe/Moscow] Найдена специальность ID: 16
[08-Dec-2025 11:50:43 Europe/Moscow] Комментарий для заявления: ГУ 08.12.2025
[08-Dec-2025 11:50:43 Europe/Moscow] Заявление успешно создано
[08-Dec-2025 11:50:43 Europe/Moscow] Обработка специальности 2: код='38.02.01', класс=, форма='', оплата=''
[08-Dec-2025 11:50:43 Europe/Moscow] Поиск специальности: код='38.02.01'
[08-Dec-2025 11:50:43 Europe/Moscow] SQL для поиска специальности: SELECT id_prof_spec FROM profec_spec 
            WHERE code = ? OR code = ? 
            LIMIT 1
[08-Dec-2025 11:50:43 Europe/Moscow] Найдена специальность ID: 12
[08-Dec-2025 11:50:43 Europe/Moscow] Найдена специальность ID: 12
[08-Dec-2025 11:50:43 Europe/Moscow] Заявление уже существует для этой специальности
[08-Dec-2025 11:50:43 Europe/Moscow] Обработка специальности 3: код='38.02.03', класс=, форма='', оплата=''
[08-Dec-2025 11:50:43 Europe/Moscow] Поиск специальности: код='38.02.03'
[08-Dec-2025 11:50:43 Europe/Moscow] SQL для поиска специальности: SELECT id_prof_spec FROM profec_spec 
            WHERE code = ? OR code = ? 
            LIMIT 1
[08-Dec-2025 11:50:43 Europe/Moscow] Найдена специальность ID: 16
[08-Dec-2025 11:50:43 Europe/Moscow] Найдена специальность ID: 16
[08-Dec-2025 11:50:43 Europe/Moscow] Заявление уже существует для этой специальности
[08-Dec-2025 11:50:43 Europe/Moscow] Обработка специальности 4: код='29.01.34', класс=, форма='', оплата=''
[08-Dec-2025 11:50:43 Europe/Moscow] Поиск специальности: код='29.01.34'
[08-Dec-2025 11:50:43 Europe/Moscow] SQL для поиска специальности: SELECT id_prof_spec FROM profec_spec 
            WHERE code = ? OR code = ? 
            LIMIT 1
[08-Dec-2025 11:50:43 Europe/Moscow] Найдена специальность ID: 1
[08-Dec-2025 11:50:43 Europe/Moscow] Найдена специальность ID: 1
[08-Dec-2025 11:50:43 Europe/Moscow] Комментарий для заявления: ГУ 08.12.2025
[08-Dec-2025 11:50:43 Europe/Moscow] Заявление успешно создано
[08-Dec-2025 11:50:43 Europe/Moscow] Обработка специальности 5: код='15.01.38', класс=, форма='', оплата=''
[08-Dec-2025 11:50:43 Europe/Moscow] Поиск специальности: код='15.01.38'
[08-Dec-2025 11:50:43 Europe/Moscow] SQL для поиска специальности: SELECT id_prof_spec FROM profec_spec 
            WHERE code = ? OR code = ? 
            LIMIT 1
[08-Dec-2025 11:50:43 Europe/Moscow] Найдена специальность ID: 3
[08-Dec-2025 11:50:43 Europe/Moscow] Найдена специальность ID: 3
[08-Dec-2025 11:50:43 Europe/Moscow] Комментарий для заявления: ГУ 08.12.2025
[08-Dec-2025 11:50:43 Europe/Moscow] Заявление успешно создано
[08-Dec-2025 11:50:43 Europe/Moscow] Обработка специальности 6: код='15.02.09', класс=, форма='', оплата=''
[08-Dec-2025 11:50:43 Europe/Moscow] Поиск специальности: код='15.02.09'
[08-Dec-2025 11:50:43 Europe/Moscow] SQL для поиска специальности: SELECT id_prof_spec FROM profec_spec 
            WHERE code = ? OR code = ? 
            LIMIT 1
[08-Dec-2025 11:50:43 Europe/Moscow] Найдена специальность ID: 6
[08-Dec-2025 11:50:43 Europe/Moscow] Найдена специальность ID: 6
[08-Dec-2025 11:50:43 Europe/Moscow] Комментарий для заявления: ГУ 08.12.2025
[08-Dec-2025 11:50:43 Europe/Moscow] Заявление успешно создано
[08-Dec-2025 11:50:43 Europe/Moscow] Обработка специальности 7: код='40.02.02', класс=, форма='', оплата=''
[08-Dec-2025 11:50:43 Europe/Moscow] Поиск специальности: код='40.02.02'
[08-Dec-2025 11:50:43 Europe/Moscow] SQL для поиска специальности: SELECT id_prof_spec FROM profec_spec 
            WHERE code = ? OR code = ? 
            LIMIT 1
[08-Dec-2025 11:50:43 Europe/Moscow] Найдена специальность ID: 8
[08-Dec-2025 11:50:43 Europe/Moscow] Найдена специальность ID: 8
[08-Dec-2025 11:50:43 Europe/Moscow] Превышен лимит заявлений для абитуриента: Кирьянова
[08-Dec-2025 11:50:43 Europe/Moscow] Импорт завершен успешно
[08-Dec-2025 11:50:43 Europe/Moscow] === END IMPORT PROCESS ===
[08-Dec-2025 12:32:47 Europe/Moscow] === START IMPORT PROCESS ===
[08-Dec-2025 12:32:47 Europe/Moscow] Загрузка файла: Заявление_5700564811_Кирьянова.docx
[08-Dec-2025 12:32:47 Europe/Moscow] Текст извлечен, длина: 6154
[08-Dec-2025 12:32:47 Europe/Moscow] Начало парсинга документа
[08-Dec-2025 12:32:47 Europe/Moscow] Найдено ФИО: Кирьянова Анастасия Васильевна
[08-Dec-2025 12:32:47 Europe/Moscow] Найден СНИЛС: 165-163-793 80
[08-Dec-2025 12:32:47 Europe/Moscow] Найдена дата рождения: 2008-01-17
[08-Dec-2025 12:32:47 Europe/Moscow] Место рождения: {"gorod":"гор. Инта Республика Коми Российская ФедерацияСНИЛС: 16516379380Адрес регистрации: Респ Коми","oblast":"г Инта"}
[08-Dec-2025 12:32:47 Europe/Moscow] Адрес регистрации: {"oblast":"Респ Коми","gorod":"г Инта","ulica":"ул Мира","dom":"д 45","korpus":"кв 22Тип документа","kv":"удостоверяющий личность: Паспорт гражданина РФСерия: 8721Номер: 952281Дата выдачи: 26.01.2022Кем выдан: МВД по Республике КомиКод подразделения: 110004Тип документа об образовании: Аттестат об основном общем образованииКем выдан: Муниципальное бюджетное общеобразовательное учреждение &quot","indecs":"952281"}
[08-Dec-2025 12:32:47 Europe/Moscow] Заявление успешно распарсено (полный парсер)
[08-Dec-2025 12:32:47 Europe/Moscow] Успешно распаршено заявлений: 1
[08-Dec-2025 12:32:47 Europe/Moscow] Начало импорта в базу данных
[08-Dec-2025 12:32:47 Europe/Moscow] Обработка заявления 0: Кирьянова
[08-Dec-2025 12:32:47 Europe/Moscow] Поиск абитуриента по СНИЛС: 165-163-793 80
[08-Dec-2025 12:32:47 Europe/Moscow] Найден существующий абитуриент ID: 2092
[08-Dec-2025 12:32:47 Europe/Moscow] Найдено специальностей: 10
[08-Dec-2025 12:32:47 Europe/Moscow] Обработка специальности 0: код='20.06.202', класс=, форма='', оплата=''
[08-Dec-2025 12:32:47 Europe/Moscow] Специальность с кодом '20.06.202' не найдена
[08-Dec-2025 12:32:47 Europe/Moscow] Обработка специальности 1: код='17.01.200', класс=, форма='', оплата=''
[08-Dec-2025 12:32:47 Europe/Moscow] Специальность с кодом '17.01.200' не найдена
[08-Dec-2025 12:32:47 Europe/Moscow] Обработка специальности 2: код='26.01.202', класс=, форма='', оплата=''
[08-Dec-2025 12:32:47 Europe/Moscow] Специальность с кодом '26.01.202' не найдена
[08-Dec-2025 12:32:47 Europe/Moscow] Обработка специальности 3: код='29.06.202', класс=, форма='', оплата=''
[08-Dec-2025 12:32:47 Europe/Moscow] Специальность с кодом '29.06.202' не найдена
[08-Dec-2025 12:32:47 Europe/Moscow] Обработка специальности 4: код='38.02.01', класс=, форма='| Заочная |', оплата='| Коммерческая |'
[08-Dec-2025 12:32:47 Europe/Moscow] Найдена специальность ID: 12
[08-Dec-2025 12:32:47 Europe/Moscow] Комментарий для заявления: | Коммерческая |; ГУ 08.12.2025
[08-Dec-2025 12:32:47 Europe/Moscow] Заявление успешно создано
[08-Dec-2025 12:32:47 Europe/Moscow] Обработка специальности 5: код='38.02.03', класс=, форма='| Очная |', оплата='| Коммерческая |'
[08-Dec-2025 12:32:47 Europe/Moscow] Найдена специальность ID: 16
[08-Dec-2025 12:32:47 Europe/Moscow] Комментарий для заявления: | Коммерческая |; ГУ 08.12.2025
[08-Dec-2025 12:32:47 Europe/Moscow] Заявление успешно создано
[08-Dec-2025 12:32:47 Europe/Moscow] Обработка специальности 6: код='29.01.34', класс=, форма='| Очная |', оплата='| Коммерческая |'
[08-Dec-2025 12:32:47 Europe/Moscow] Найдена специальность ID: 1
[08-Dec-2025 12:32:47 Europe/Moscow] Комментарий для заявления: | Коммерческая |; ГУ 08.12.2025
[08-Dec-2025 12:32:47 Europe/Moscow] Заявление успешно создано
[08-Dec-2025 12:32:47 Europe/Moscow] Обработка специальности 7: код='15.01.38', класс=, форма='| Очная |', оплата='| Коммерческая |'
[08-Dec-2025 12:32:47 Europe/Moscow] Найдена специальность ID: 3
[08-Dec-2025 12:32:47 Europe/Moscow] Комментарий для заявления: | Коммерческая |; ГУ 08.12.2025
[08-Dec-2025 12:32:47 Europe/Moscow] Заявление успешно создано
[08-Dec-2025 12:32:47 Europe/Moscow] Обработка специальности 8: код='15.02.09', класс=, форма='| Очная |', оплата='| Коммерческая |'
[08-Dec-2025 12:32:47 Europe/Moscow] Найдена специальность ID: 6
[08-Dec-2025 12:32:47 Europe/Moscow] Комментарий для заявления: | Коммерческая |; ГУ 08.12.2025
[08-Dec-2025 12:32:47 Europe/Moscow] Заявление успешно создано
[08-Dec-2025 12:32:47 Europe/Moscow] Обработка специальности 9: код='40.02.02', класс=, форма='| Очная |', оплата='| Коммерческая |'
[08-Dec-2025 12:32:47 Europe/Moscow] Найдена специальность ID: 8
[08-Dec-2025 12:32:47 Europe/Moscow] Превышен лимит заявлений для абитуриента: Кирьянова
[08-Dec-2025 12:32:47 Europe/Moscow] Импорт завершен успешно
[08-Dec-2025 12:32:47 Europe/Moscow] === END IMPORT PROCESS ===
[08-Dec-2025 12:34:00 Europe/Moscow] === START IMPORT PROCESS ===
[08-Dec-2025 12:34:00 Europe/Moscow] Загрузка файла: Заявление_5700564811_Кирьянова.docx
[08-Dec-2025 12:34:00 Europe/Moscow] Текст извлечен, длина: 6154
[08-Dec-2025 12:34:00 Europe/Moscow] Начало парсинга документа
[08-Dec-2025 12:34:00 Europe/Moscow] Найдено ФИО: Кирьянова Анастасия Васильевна
[08-Dec-2025 12:34:00 Europe/Moscow] Найден СНИЛС: 165-163-793 80
[08-Dec-2025 12:34:00 Europe/Moscow] Найдена дата рождения: 2008-01-17
[08-Dec-2025 12:34:00 Europe/Moscow] Место рождения: {"gorod":"гор. Инта Республика Коми Российская ФедерацияСНИЛС: 16516379380Адрес регистрации: Респ Коми","oblast":"г Инта"}
[08-Dec-2025 12:34:00 Europe/Moscow] Адрес регистрации: {"oblast":"Респ Коми","gorod":"г Инта","ulica":"ул Мира","dom":"д 45","korpus":"кв 22Тип документа","kv":"удостоверяющий личность: Паспорт гражданина РФСерия: 8721Номер: 952281Дата выдачи: 26.01.2022Кем выдан: МВД по Республике КомиКод подразделения: 110004Тип документа об образовании: Аттестат об основном общем образованииКем выдан: Муниципальное бюджетное общеобразовательное учреждение &quot","indecs":"952281"}
[08-Dec-2025 12:34:00 Europe/Moscow] Заявление успешно распарсено (полный парсер)
[08-Dec-2025 12:34:00 Europe/Moscow] Успешно распаршено заявлений: 1
[08-Dec-2025 12:34:00 Europe/Moscow] Начало импорта в базу данных
[08-Dec-2025 12:34:00 Europe/Moscow] Обработка заявления 0: Кирьянова
[08-Dec-2025 12:34:00 Europe/Moscow] Поиск абитуриента по СНИЛС: 165-163-793 80
[08-Dec-2025 12:34:00 Europe/Moscow] Создание нового абитуриента
[08-Dec-2025 12:34:00 Europe/Moscow] Создан новый абитуриент ID: 2093
[08-Dec-2025 12:34:00 Europe/Moscow] Найдено специальностей: 10
[08-Dec-2025 12:34:00 Europe/Moscow] Обработка специальности 0: код='20.06.202', класс=, форма='', оплата=''
[08-Dec-2025 12:34:00 Europe/Moscow] Специальность с кодом '20.06.202' не найдена
[08-Dec-2025 12:34:00 Europe/Moscow] Обработка специальности 1: код='17.01.200', класс=, форма='', оплата=''
[08-Dec-2025 12:34:00 Europe/Moscow] Специальность с кодом '17.01.200' не найдена
[08-Dec-2025 12:34:00 Europe/Moscow] Обработка специальности 2: код='26.01.202', класс=, форма='', оплата=''
[08-Dec-2025 12:34:00 Europe/Moscow] Специальность с кодом '26.01.202' не найдена
[08-Dec-2025 12:34:00 Europe/Moscow] Обработка специальности 3: код='29.06.202', класс=, форма='', оплата=''
[08-Dec-2025 12:34:00 Europe/Moscow] Специальность с кодом '29.06.202' не найдена
[08-Dec-2025 12:34:00 Europe/Moscow] Обработка специальности 4: код='38.02.01', класс=, форма='| Заочная |', оплата='| Коммерческая |'
[08-Dec-2025 12:34:00 Europe/Moscow] Найдена специальность ID: 12
[08-Dec-2025 12:34:00 Europe/Moscow] Комментарий для заявления: | Коммерческая |; ГУ 08.12.2025
[08-Dec-2025 12:34:00 Europe/Moscow] Заявление успешно создано
[08-Dec-2025 12:34:00 Europe/Moscow] Обработка специальности 5: код='38.02.03', класс=, форма='| Очная |', оплата='| Коммерческая |'
[08-Dec-2025 12:34:00 Europe/Moscow] Найдена специальность ID: 16
[08-Dec-2025 12:34:00 Europe/Moscow] Комментарий для заявления: | Коммерческая |; ГУ 08.12.2025
[08-Dec-2025 12:34:00 Europe/Moscow] Заявление успешно создано
[08-Dec-2025 12:34:00 Europe/Moscow] Обработка специальности 6: код='29.01.34', класс=, форма='| Очная |', оплата='| Коммерческая |'
[08-Dec-2025 12:34:00 Europe/Moscow] Найдена специальность ID: 1
[08-Dec-2025 12:34:00 Europe/Moscow] Комментарий для заявления: | Коммерческая |; ГУ 08.12.2025
[08-Dec-2025 12:34:00 Europe/Moscow] Заявление успешно создано
[08-Dec-2025 12:34:00 Europe/Moscow] Обработка специальности 7: код='15.01.38', класс=, форма='| Очная |', оплата='| Коммерческая |'
[08-Dec-2025 12:34:00 Europe/Moscow] Найдена специальность ID: 3
[08-Dec-2025 12:34:00 Europe/Moscow] Комментарий для заявления: | Коммерческая |; ГУ 08.12.2025
[08-Dec-2025 12:34:00 Europe/Moscow] Заявление успешно создано
[08-Dec-2025 12:34:00 Europe/Moscow] Обработка специальности 8: код='15.02.09', класс=, форма='| Очная |', оплата='| Коммерческая |'
[08-Dec-2025 12:34:00 Europe/Moscow] Найдена специальность ID: 6
[08-Dec-2025 12:34:00 Europe/Moscow] Комментарий для заявления: | Коммерческая |; ГУ 08.12.2025
[08-Dec-2025 12:34:00 Europe/Moscow] Заявление успешно создано
[08-Dec-2025 12:34:00 Europe/Moscow] Обработка специальности 9: код='40.02.02', класс=, форма='| Очная |', оплата='| Коммерческая |'
[08-Dec-2025 12:34:00 Europe/Moscow] Найдена специальность ID: 8
[08-Dec-2025 12:34:00 Europe/Moscow] Превышен лимит заявлений для абитуриента: Кирьянова
[08-Dec-2025 12:34:00 Europe/Moscow] Импорт завершен успешно
[08-Dec-2025 12:34:00 Europe/Moscow] === END IMPORT PROCESS ===
[08-Dec-2025 12:43:31 Europe/Moscow] === START IMPORT PROCESS ===
[08-Dec-2025 12:43:31 Europe/Moscow] Загрузка файла: Заявление_5700564811_Кирьянова.docx
[08-Dec-2025 12:43:31 Europe/Moscow] Текст извлечен, длина: 6154
[08-Dec-2025 12:43:31 Europe/Moscow] Начало парсинга документа
[08-Dec-2025 12:43:31 Europe/Moscow] PHP Warning:  Undefined array key "имя" in C:\OSPanel\domains\pk\pages\save\import_applications.php on line 384
[08-Dec-2025 12:43:31 Europe/Moscow] PHP Warning:  Undefined array key "otchestво" in C:\OSPanel\domains\pk\pages\save\import_applications.php on line 384
[08-Dec-2025 12:43:31 Europe/Moscow] Найдено ФИО: Кирьянова  
[08-Dec-2025 12:43:31 Europe/Moscow] Найден СНИЛС: 165-163-793 80
[08-Dec-2025 12:43:31 Europe/Moscow] Найдена дата рождения: 2008-01-17
[08-Dec-2025 12:43:31 Europe/Moscow] Место рождения: {"gorod":"гор. Инта Республика Коми Российская Федерация","oblast":""}
[08-Dec-2025 12:43:31 Europe/Moscow] Адрес регистрации: {"oblast":"Респ Коми","gorod":"г Инта","ulica":"ул Мира","dom":"д 45","korpus":"кв 22","kv":null}
[08-Dec-2025 12:43:31 Europe/Moscow] Заявление успешно распарсено (полный парсер)
[08-Dec-2025 12:43:31 Europe/Moscow] Успешно распаршено заявлений: 1
[08-Dec-2025 12:43:31 Europe/Moscow] Начало импорта в базу данных
[08-Dec-2025 12:43:31 Europe/Moscow] Обработка заявления 0: Кирьянова
[08-Dec-2025 12:43:31 Europe/Moscow] Поиск абитуриента по СНИЛС: 165-163-793 80
[08-Dec-2025 12:43:31 Europe/Moscow] Создание нового абитуриента
[08-Dec-2025 12:43:31 Europe/Moscow] Создан новый абитуриент ID: 2094
[08-Dec-2025 12:43:31 Europe/Moscow] Найдено специальностей: 6
[08-Dec-2025 12:43:31 Europe/Moscow] Обработка специальности 0: код='38.02.01', класс=11, форма='Заочная', оплата='Коммерческая'
[08-Dec-2025 12:43:31 Europe/Moscow] Найдена специальность ID: 20
[08-Dec-2025 12:43:31 Europe/Moscow] Комментарий для заявления: Коммерческая; ГУ 08.12.2025
[08-Dec-2025 12:43:31 Europe/Moscow] Заявление успешно создано
[08-Dec-2025 12:43:31 Europe/Moscow] Обработка специальности 1: код='38.02.03', класс=9, форма='Очная', оплата='Бюджетная'
[08-Dec-2025 12:43:31 Europe/Moscow] Найдена специальность ID: 16
[08-Dec-2025 12:43:31 Europe/Moscow] Комментарий для заявления: Бюджетная; ГУ 08.12.2025
[08-Dec-2025 12:43:31 Europe/Moscow] Заявление успешно создано
[08-Dec-2025 12:43:31 Europe/Moscow] Обработка специальности 2: код='29.01.34', класс=9, форма='Очная', оплата='Коммерческая'
[08-Dec-2025 12:43:31 Europe/Moscow] Найдена специальность ID: 1
[08-Dec-2025 12:43:31 Europe/Moscow] Комментарий для заявления: Коммерческая; ГУ 08.12.2025
[08-Dec-2025 12:43:31 Europe/Moscow] Заявление успешно создано
[08-Dec-2025 12:43:31 Europe/Moscow] Обработка специальности 3: код='15.01.38', класс=9, форма='Очная', оплата='Коммерческая'
[08-Dec-2025 12:43:31 Europe/Moscow] Найдена специальность ID: 3
[08-Dec-2025 12:43:31 Europe/Moscow] Комментарий для заявления: Коммерческая; ГУ 08.12.2025
[08-Dec-2025 12:43:31 Europe/Moscow] Заявление успешно создано
[08-Dec-2025 12:43:31 Europe/Moscow] Обработка специальности 4: код='15.02.09', класс=9, форма='Очная', оплата='Коммерческая'
[08-Dec-2025 12:43:31 Europe/Moscow] Найдена специальность ID: 6
[08-Dec-2025 12:43:31 Europe/Moscow] Комментарий для заявления: Коммерческая; ГУ 08.12.2025
[08-Dec-2025 12:43:31 Europe/Moscow] Заявление успешно создано
[08-Dec-2025 12:43:31 Europe/Moscow] Обработка специальности 5: код='40.02.02', класс=9, форма='Очная', оплата='Коммерческая'
[08-Dec-2025 12:43:31 Europe/Moscow] Найдена специальность ID: 9
[08-Dec-2025 12:43:31 Europe/Moscow] Превышен лимит заявлений для абитуриента: Кирьянова
[08-Dec-2025 12:43:31 Europe/Moscow] Импорт завершен успешно
[08-Dec-2025 12:43:31 Europe/Moscow] === END IMPORT PROCESS ===
[08-Dec-2025 12:47:12 Europe/Moscow] === START IMPORT PROCESS ===
[08-Dec-2025 12:47:12 Europe/Moscow] Загрузка файла: Заявление_5700564811_Кирьянова.docx
[08-Dec-2025 12:47:12 Europe/Moscow] Текст извлечен, длина: 6154
[08-Dec-2025 12:47:12 Europe/Moscow] Начало парсинга документа
[08-Dec-2025 12:47:12 Europe/Moscow] PHP Warning:  Undefined array key "имя" in C:\OSPanel\domains\pk\pages\save\import_applications.php on line 384
[08-Dec-2025 12:47:12 Europe/Moscow] PHP Warning:  Undefined array key "otchestво" in C:\OSPanel\domains\pk\pages\save\import_applications.php on line 384
[08-Dec-2025 12:47:12 Europe/Moscow] Найдено ФИО: Кирьянова  
[08-Dec-2025 12:47:12 Europe/Moscow] Найден СНИЛС: 165-163-793 80
[08-Dec-2025 12:47:12 Europe/Moscow] Найдена дата рождения: 2008-01-17
[08-Dec-2025 12:47:12 Europe/Moscow] Место рождения: {"gorod":"гор. Инта Республика Коми Российская Федерация","oblast":""}
[08-Dec-2025 12:47:12 Europe/Moscow] Адрес регистрации: {"oblast":"Респ Коми","gorod":"г Инта","ulica":"ул Мира","dom":"д 45","korpus":"кв 22","kv":null}
[08-Dec-2025 12:47:12 Europe/Moscow] Заявление успешно распарсено (полный парсер)
[08-Dec-2025 12:47:12 Europe/Moscow] Успешно распаршено заявлений: 1
[08-Dec-2025 12:47:12 Europe/Moscow] Начало импорта в базу данных
[08-Dec-2025 12:47:12 Europe/Moscow] Обработка заявления 0: Кирьянова
[08-Dec-2025 12:47:12 Europe/Moscow] Поиск абитуриента по СНИЛС: 165-163-793 80
[08-Dec-2025 12:47:12 Europe/Moscow] Создание нового абитуриента
[08-Dec-2025 12:47:12 Europe/Moscow] Создан новый абитуриент ID: 2095
[08-Dec-2025 12:47:12 Europe/Moscow] Найдено специальностей: 6
[08-Dec-2025 12:47:12 Europe/Moscow] Обработка специальности 0: код='38.02.01', класс=11, форма='Заочная', оплата='Коммерческая'
[08-Dec-2025 12:47:12 Europe/Moscow] Найдена специальность ID: 20
[08-Dec-2025 12:47:12 Europe/Moscow] Комментарий для заявления: Коммерческая; ГУ 08.12.2025
[08-Dec-2025 12:47:12 Europe/Moscow] Заявление успешно создано
[08-Dec-2025 12:47:12 Europe/Moscow] Обработка специальности 1: код='38.02.03', класс=9, форма='Очная', оплата='Бюджетная'
[08-Dec-2025 12:47:12 Europe/Moscow] Найдена специальность ID: 16
[08-Dec-2025 12:47:12 Europe/Moscow] Комментарий для заявления: Бюджетная; ГУ 08.12.2025
[08-Dec-2025 12:47:12 Europe/Moscow] Заявление успешно создано
[08-Dec-2025 12:47:12 Europe/Moscow] Обработка специальности 2: код='29.01.34', класс=9, форма='Очная', оплата='Коммерческая'
[08-Dec-2025 12:47:12 Europe/Moscow] Найдена специальность ID: 1
[08-Dec-2025 12:47:12 Europe/Moscow] Комментарий для заявления: Коммерческая; ГУ 08.12.2025
[08-Dec-2025 12:47:12 Europe/Moscow] Заявление успешно создано
[08-Dec-2025 12:47:12 Europe/Moscow] Обработка специальности 3: код='15.01.38', класс=9, форма='Очная', оплата='Коммерческая'
[08-Dec-2025 12:47:12 Europe/Moscow] Найдена специальность ID: 3
[08-Dec-2025 12:47:12 Europe/Moscow] Комментарий для заявления: Коммерческая; ГУ 08.12.2025
[08-Dec-2025 12:47:12 Europe/Moscow] Заявление успешно создано
[08-Dec-2025 12:47:12 Europe/Moscow] Обработка специальности 4: код='15.02.09', класс=9, форма='Очная', оплата='Коммерческая'
[08-Dec-2025 12:47:12 Europe/Moscow] Найдена специальность ID: 6
[08-Dec-2025 12:47:12 Europe/Moscow] Комментарий для заявления: Коммерческая; ГУ 08.12.2025
[08-Dec-2025 12:47:12 Europe/Moscow] Заявление успешно создано
[08-Dec-2025 12:47:12 Europe/Moscow] Обработка специальности 5: код='40.02.02', класс=9, форма='Очная', оплата='Коммерческая'
[08-Dec-2025 12:47:12 Europe/Moscow] Найдена специальность ID: 9
[08-Dec-2025 12:47:12 Europe/Moscow] Превышен лимит заявлений для абитуриента: Кирьянова
[08-Dec-2025 12:47:12 Europe/Moscow] Импорт завершен успешно
[08-Dec-2025 12:47:12 Europe/Moscow] === END IMPORT PROCESS ===
[08-Dec-2025 12:48:37 Europe/Moscow] === START IMPORT PROCESS ===
[08-Dec-2025 12:48:37 Europe/Moscow] Загрузка файла: Заявление_5700564811_Кирьянова.docx
[08-Dec-2025 12:48:37 Europe/Moscow] Текст извлечен, длина: 6154
[08-Dec-2025 12:48:37 Europe/Moscow] Начало парсинга документа
[08-Dec-2025 12:48:37 Europe/Moscow] Найдено ФИО: Кирьянова Анастасия Васильевна
[08-Dec-2025 12:48:37 Europe/Moscow] Найден СНИЛС: 165-163-793 80
[08-Dec-2025 12:48:37 Europe/Moscow] Найдена дата рождения: 2008-01-17
[08-Dec-2025 12:48:37 Europe/Moscow] Место рождения: {"gorod":"гор. Инта Республика Коми Российская Федерация","oblast":""}
[08-Dec-2025 12:48:37 Europe/Moscow] Адрес регистрации: {"oblast":"Респ Коми","gorod":"г Инта","ulica":"ул Мира","dom":"д 45","korpus":"кв 22","kv":null}
[08-Dec-2025 12:48:37 Europe/Moscow] Заявление успешно распарсено (полный парсер)
[08-Dec-2025 12:48:37 Europe/Moscow] Успешно распаршено заявлений: 1
[08-Dec-2025 12:48:37 Europe/Moscow] Начало импорта в базу данных
[08-Dec-2025 12:48:37 Europe/Moscow] Обработка заявления 0: Кирьянова
[08-Dec-2025 12:48:37 Europe/Moscow] Поиск абитуриента по СНИЛС: 165-163-793 80
[08-Dec-2025 12:48:37 Europe/Moscow] Создание нового абитуриента
[08-Dec-2025 12:48:37 Europe/Moscow] Создан новый абитуриент ID: 2096
[08-Dec-2025 12:48:37 Europe/Moscow] Найдено специальностей: 6
[08-Dec-2025 12:48:37 Europe/Moscow] Обработка специальности 0: код='38.02.01', класс=11, форма='Заочная', оплата='Коммерческая'
[08-Dec-2025 12:48:37 Europe/Moscow] Найдена специальность ID: 20
[08-Dec-2025 12:48:37 Europe/Moscow] Комментарий для заявления: Коммерческая; ГУ 08.12.2025
[08-Dec-2025 12:48:37 Europe/Moscow] Заявление успешно создано
[08-Dec-2025 12:48:37 Europe/Moscow] Обработка специальности 1: код='38.02.03', класс=9, форма='Очная', оплата='Бюджетная'
[08-Dec-2025 12:48:37 Europe/Moscow] Найдена специальность ID: 16
[08-Dec-2025 12:48:37 Europe/Moscow] Комментарий для заявления: Бюджетная; ГУ 08.12.2025
[08-Dec-2025 12:48:37 Europe/Moscow] Заявление успешно создано
[08-Dec-2025 12:48:37 Europe/Moscow] Обработка специальности 2: код='29.01.34', класс=9, форма='Очная', оплата='Коммерческая'
[08-Dec-2025 12:48:37 Europe/Moscow] Найдена специальность ID: 1
[08-Dec-2025 12:48:37 Europe/Moscow] Комментарий для заявления: Коммерческая; ГУ 08.12.2025
[08-Dec-2025 12:48:37 Europe/Moscow] Заявление успешно создано
[08-Dec-2025 12:48:37 Europe/Moscow] Обработка специальности 3: код='15.01.38', класс=9, форма='Очная', оплата='Коммерческая'
[08-Dec-2025 12:48:37 Europe/Moscow] Найдена специальность ID: 3
[08-Dec-2025 12:48:37 Europe/Moscow] Комментарий для заявления: Коммерческая; ГУ 08.12.2025
[08-Dec-2025 12:48:37 Europe/Moscow] Заявление успешно создано
[08-Dec-2025 12:48:37 Europe/Moscow] Обработка специальности 4: код='15.02.09', класс=9, форма='Очная', оплата='Коммерческая'
[08-Dec-2025 12:48:37 Europe/Moscow] Найдена специальность ID: 6
[08-Dec-2025 12:48:37 Europe/Moscow] Комментарий для заявления: Коммерческая; ГУ 08.12.2025
[08-Dec-2025 12:48:37 Europe/Moscow] Заявление успешно создано
[08-Dec-2025 12:48:37 Europe/Moscow] Обработка специальности 5: код='40.02.02', класс=9, форма='Очная', оплата='Коммерческая'
[08-Dec-2025 12:48:37 Europe/Moscow] Найдена специальность ID: 9
[08-Dec-2025 12:48:37 Europe/Moscow] Превышен лимит заявлений для абитуриента: Кирьянова
[08-Dec-2025 12:48:37 Europe/Moscow] Импорт завершен успешно
[08-Dec-2025 12:48:37 Europe/Moscow] === END IMPORT PROCESS ===
[08-Dec-2025 12:54:40 Europe/Moscow] === START IMPORT PROCESS ===
[08-Dec-2025 12:54:40 Europe/Moscow] Загрузка файла: Заявление_5700564811_Кирьянова.docx
[08-Dec-2025 12:54:40 Europe/Moscow] Текст извлечен, длина: 6162
[08-Dec-2025 12:54:40 Europe/Moscow] Начало парсинга документа
[08-Dec-2025 12:54:40 Europe/Moscow] Найдено ФИО: Кирьянова Анастасия Васильевна
[08-Dec-2025 12:54:40 Europe/Moscow] Найден СНИЛС: 165-163-793 80
[08-Dec-2025 12:54:40 Europe/Moscow] Найдена дата рождения: 2008-01-17
[08-Dec-2025 12:54:40 Europe/Moscow] Место рождения: {"gorod":"гор. Инта Республика Коми Российская Федерация","oblast":""}
[08-Dec-2025 12:54:40 Europe/Moscow] Адрес регистрации: {"oblast":"Респ Коми","gorod":"г Инта","ulica":"ул Мира","dom":"д 45","korpus":"кв 22","kv":"150020","indecs":"150020"}
[08-Dec-2025 12:54:40 Europe/Moscow] Заявление успешно распарсено (полный парсер)
[08-Dec-2025 12:54:40 Europe/Moscow] Успешно распаршено заявлений: 1
[08-Dec-2025 12:54:40 Europe/Moscow] Начало импорта в базу данных
[08-Dec-2025 12:54:40 Europe/Moscow] Обработка заявления 0: Кирьянова
[08-Dec-2025 12:54:40 Europe/Moscow] Поиск абитуриента по СНИЛС: 165-163-793 80
[08-Dec-2025 12:54:40 Europe/Moscow] Создание нового абитуриента
[08-Dec-2025 12:54:40 Europe/Moscow] Создан новый абитуриент ID: 2097
[08-Dec-2025 12:54:40 Europe/Moscow] Найдено специальностей: 6
[08-Dec-2025 12:54:40 Europe/Moscow] Обработка специальности 0: код='38.02.01', класс=11, форма='Заочная', оплата='Коммерческая'
[08-Dec-2025 12:54:40 Europe/Moscow] Найдена специальность ID: 20
[08-Dec-2025 12:54:40 Europe/Moscow] Комментарий для заявления: Коммерческая; ГУ 08.12.2025
[08-Dec-2025 12:54:40 Europe/Moscow] Заявление успешно создано
[08-Dec-2025 12:54:40 Europe/Moscow] Обработка специальности 1: код='38.02.03', класс=9, форма='Очная', оплата='Бюджетная'
[08-Dec-2025 12:54:40 Europe/Moscow] Найдена специальность ID: 16
[08-Dec-2025 12:54:40 Europe/Moscow] Комментарий для заявления: Бюджетная; ГУ 08.12.2025
[08-Dec-2025 12:54:40 Europe/Moscow] Заявление успешно создано
[08-Dec-2025 12:54:40 Europe/Moscow] Обработка специальности 2: код='29.01.34', класс=9, форма='Очная', оплата='Коммерческая'
[08-Dec-2025 12:54:40 Europe/Moscow] Найдена специальность ID: 1
[08-Dec-2025 12:54:40 Europe/Moscow] Комментарий для заявления: Коммерческая; ГУ 08.12.2025
[08-Dec-2025 12:54:40 Europe/Moscow] Заявление успешно создано
[08-Dec-2025 12:54:40 Europe/Moscow] Обработка специальности 3: код='15.01.38', класс=9, форма='Очная', оплата='Коммерческая'
[08-Dec-2025 12:54:40 Europe/Moscow] Найдена специальность ID: 3
[08-Dec-2025 12:54:40 Europe/Moscow] Комментарий для заявления: Коммерческая; ГУ 08.12.2025
[08-Dec-2025 12:54:40 Europe/Moscow] Заявление успешно создано
[08-Dec-2025 12:54:40 Europe/Moscow] Обработка специальности 4: код='15.02.09', класс=9, форма='Очная', оплата='Коммерческая'
[08-Dec-2025 12:54:40 Europe/Moscow] Найдена специальность ID: 6
[08-Dec-2025 12:54:40 Europe/Moscow] Комментарий для заявления: Коммерческая; ГУ 08.12.2025
[08-Dec-2025 12:54:40 Europe/Moscow] Заявление успешно создано
[08-Dec-2025 12:54:40 Europe/Moscow] Обработка специальности 5: код='40.02.02', класс=9, форма='Очная', оплата='Коммерческая'
[08-Dec-2025 12:54:40 Europe/Moscow] Найдена специальность ID: 9
[08-Dec-2025 12:54:40 Europe/Moscow] Превышен лимит заявлений для абитуриента: Кирьянова
[08-Dec-2025 12:54:40 Europe/Moscow] Импорт завершен успешно
[08-Dec-2025 12:54:40 Europe/Moscow] === END IMPORT PROCESS ===
[08-Dec-2025 13:06:21 Europe/Moscow] === START IMPORT PROCESS ===
[08-Dec-2025 13:06:21 Europe/Moscow] Загрузка файла: Заявление_5700564811_Кирьянова.docx
[08-Dec-2025 13:06:22 Europe/Moscow] Текст извлечен, длина: 6162
[08-Dec-2025 13:06:22 Europe/Moscow] Начало парсинга документа
[08-Dec-2025 13:06:22 Europe/Moscow] Найдено ФИО: Кирьянова Анастасия Васильевна
[08-Dec-2025 13:06:22 Europe/Moscow] Найден СНИЛС: 165-163-793 80
[08-Dec-2025 13:06:22 Europe/Moscow] Найдена дата рождения: 2008-01-17
[08-Dec-2025 13:06:22 Europe/Moscow] Место рождения: {"gorod":"гор. Инта Республика Коми Российская Федерация","oblast":""}
[08-Dec-2025 13:06:22 Europe/Moscow] Адрес регистрации: {"oblast":"Респ Коми","gorod":"г Инта","ulica":"ул Мира","dom":"д 45","korpus":"кв 22","kv":"150020","indecs":"150020"}
[08-Dec-2025 13:06:22 Europe/Moscow] Заявление успешно распарсено (полный парсер)
[08-Dec-2025 13:06:22 Europe/Moscow] Успешно распаршено заявлений: 1
[08-Dec-2025 13:06:22 Europe/Moscow] Начало импорта в базу данных
[08-Dec-2025 13:06:22 Europe/Moscow] Обработка заявления 0: Кирьянова
[08-Dec-2025 13:06:22 Europe/Moscow] Поиск абитуриента по СНИЛС: 165-163-793 80
[08-Dec-2025 13:06:22 Europe/Moscow] Создание нового абитуриента
[08-Dec-2025 13:06:22 Europe/Moscow] Создан новый абитуриент ID: 2098
[08-Dec-2025 13:06:22 Europe/Moscow] Найдено специальностей: 6
[08-Dec-2025 13:06:22 Europe/Moscow] Обработка специальности 0: код='38.02.01', класс=11, форма='Заочная', оплата='Коммерческая'
[08-Dec-2025 13:06:22 Europe/Moscow] Найдена специальность ID: 20
[08-Dec-2025 13:06:22 Europe/Moscow] Комментарий для заявления: Коммерческая; ГУ 08.12.2025
[08-Dec-2025 13:06:22 Europe/Moscow] Заявление успешно создано
[08-Dec-2025 13:06:22 Europe/Moscow] Обработка специальности 1: код='38.02.03', класс=9, форма='Очная', оплата='Бюджетная'
[08-Dec-2025 13:06:22 Europe/Moscow] Найдена специальность ID: 16
[08-Dec-2025 13:06:22 Europe/Moscow] Комментарий для заявления: Бюджетная; ГУ 08.12.2025
[08-Dec-2025 13:06:22 Europe/Moscow] Заявление успешно создано
[08-Dec-2025 13:06:22 Europe/Moscow] Обработка специальности 2: код='29.01.34', класс=9, форма='Очная', оплата='Коммерческая'
[08-Dec-2025 13:06:22 Europe/Moscow] Найдена специальность ID: 1
[08-Dec-2025 13:06:22 Europe/Moscow] Комментарий для заявления: Коммерческая; ГУ 08.12.2025
[08-Dec-2025 13:06:22 Europe/Moscow] Заявление успешно создано
[08-Dec-2025 13:06:22 Europe/Moscow] Обработка специальности 3: код='15.01.38', класс=9, форма='Очная', оплата='Коммерческая'
[08-Dec-2025 13:06:22 Europe/Moscow] Найдена специальность ID: 3
[08-Dec-2025 13:06:22 Europe/Moscow] Комментарий для заявления: Коммерческая; ГУ 08.12.2025
[08-Dec-2025 13:06:22 Europe/Moscow] Заявление успешно создано
[08-Dec-2025 13:06:22 Europe/Moscow] Обработка специальности 4: код='15.02.09', класс=9, форма='Очная', оплата='Коммерческая'
[08-Dec-2025 13:06:22 Europe/Moscow] Найдена специальность ID: 6
[08-Dec-2025 13:06:22 Europe/Moscow] Комментарий для заявления: Коммерческая; ГУ 08.12.2025
[08-Dec-2025 13:06:22 Europe/Moscow] Заявление успешно создано
[08-Dec-2025 13:06:22 Europe/Moscow] Обработка специальности 5: код='40.02.02', класс=9, форма='Очная', оплата='Коммерческая'
[08-Dec-2025 13:06:22 Europe/Moscow] Найдена специальность ID: 9
[08-Dec-2025 13:06:22 Europe/Moscow] Превышен лимит заявлений для абитуриента: Кирьянова
[08-Dec-2025 13:06:22 Europe/Moscow] Импорт завершен успешно
[08-Dec-2025 13:06:22 Europe/Moscow] === END IMPORT PROCESS ===
[08-Dec-2025 13:11:57 Europe/Moscow] === START IMPORT PROCESS ===
[08-Dec-2025 13:11:57 Europe/Moscow] Загрузка файла: Заявление_5700564811_Кирьянова.docx
[08-Dec-2025 13:11:58 Europe/Moscow] Текст извлечен, длина: 6162
[08-Dec-2025 13:11:58 Europe/Moscow] Начало парсинга документа
[08-Dec-2025 13:11:58 Europe/Moscow] Найдено ФИО: Кирьянова Анастасия Васильевна
[08-Dec-2025 13:11:58 Europe/Moscow] Найден СНИЛС: 165-163-793 80
[08-Dec-2025 13:11:58 Europe/Moscow] Найдена дата рождения: 2008-01-17
[08-Dec-2025 13:11:58 Europe/Moscow] Место рождения: {"gorod":"гор. Инта Республика Коми Российская Федерация","oblast":""}
[08-Dec-2025 13:11:58 Europe/Moscow] Адрес регистрации: {"oblast":"Респ Коми","gorod":"г Инта","ulica":"ул Мира","dom":"д 45","korpus":"кв 22","kv":"150020","indecs":"150020"}
[08-Dec-2025 13:11:58 Europe/Moscow] Заявление успешно распарсено (полный парсер)
[08-Dec-2025 13:11:58 Europe/Moscow] Успешно распаршено заявлений: 1
[08-Dec-2025 13:11:58 Europe/Moscow] Начало импорта в базу данных
[08-Dec-2025 13:11:58 Europe/Moscow] Обработка заявления 0: Кирьянова
[08-Dec-2025 13:11:58 Europe/Moscow] Поиск абитуриента по СНИЛС: 165-163-793 80
[08-Dec-2025 13:11:58 Europe/Moscow] Создание нового абитуриента
[08-Dec-2025 13:11:58 Europe/Moscow] Создан новый абитуриент ID: 2099
[08-Dec-2025 13:11:58 Europe/Moscow] Найдено специальностей: 6
[08-Dec-2025 13:11:58 Europe/Moscow] Обработка специальности 0: код='38.02.01', класс=11, форма='Заочная', оплата='Коммерческая'
[08-Dec-2025 13:11:58 Europe/Moscow] Найдена специальность ID: 20
[08-Dec-2025 13:11:58 Europe/Moscow] Комментарий для заявления: Коммерческая; ГУ 08.12.2025
[08-Dec-2025 13:11:58 Europe/Moscow] Заявление успешно создано
[08-Dec-2025 13:11:58 Europe/Moscow] Обработка специальности 1: код='38.02.03', класс=9, форма='Очная', оплата='Бюджетная'
[08-Dec-2025 13:11:58 Europe/Moscow] Найдена специальность ID: 16
[08-Dec-2025 13:11:58 Europe/Moscow] Комментарий для заявления: Бюджетная; ГУ 08.12.2025
[08-Dec-2025 13:11:58 Europe/Moscow] Заявление успешно создано
[08-Dec-2025 13:11:58 Europe/Moscow] Обработка специальности 2: код='29.01.34', класс=9, форма='Очная', оплата='Коммерческая'
[08-Dec-2025 13:11:58 Europe/Moscow] Найдена специальность ID: 1
[08-Dec-2025 13:11:58 Europe/Moscow] Комментарий для заявления: Коммерческая; ГУ 08.12.2025
[08-Dec-2025 13:11:58 Europe/Moscow] Заявление успешно создано
[08-Dec-2025 13:11:58 Europe/Moscow] Обработка специальности 3: код='15.01.38', класс=9, форма='Очная', оплата='Коммерческая'
[08-Dec-2025 13:11:58 Europe/Moscow] Найдена специальность ID: 3
[08-Dec-2025 13:11:58 Europe/Moscow] Комментарий для заявления: Коммерческая; ГУ 08.12.2025
[08-Dec-2025 13:11:58 Europe/Moscow] Заявление успешно создано
[08-Dec-2025 13:11:58 Europe/Moscow] Обработка специальности 4: код='15.02.09', класс=9, форма='Очная', оплата='Коммерческая'
[08-Dec-2025 13:11:58 Europe/Moscow] Найдена специальность ID: 6
[08-Dec-2025 13:11:58 Europe/Moscow] Комментарий для заявления: Коммерческая; ГУ 08.12.2025
[08-Dec-2025 13:11:58 Europe/Moscow] Заявление успешно создано
[08-Dec-2025 13:11:58 Europe/Moscow] Обработка специальности 5: код='40.02.02', класс=9, форма='Очная', оплата='Коммерческая'
[08-Dec-2025 13:11:58 Europe/Moscow] Найдена специальность ID: 9
[08-Dec-2025 13:11:58 Europe/Moscow] Превышен лимит заявлений для абитуриента: Кирьянова
[08-Dec-2025 13:11:58 Europe/Moscow] Импорт завершен успешно
[08-Dec-2025 13:11:58 Europe/Moscow] === END IMPORT PROCESS ===
[08-Dec-2025 13:14:18 Europe/Moscow] === START IMPORT PROCESS ===
[08-Dec-2025 13:14:18 Europe/Moscow] Загрузка файла: Заявление_5700564811_Кирьянова.docx
[08-Dec-2025 13:14:18 Europe/Moscow] Текст извлечен, длина: 6162
[08-Dec-2025 13:14:18 Europe/Moscow] Начало парсинга документа
[08-Dec-2025 13:14:18 Europe/Moscow] Найдено ФИО: Кирьянова Анастасия Васильевна
[08-Dec-2025 13:14:18 Europe/Moscow] Найден СНИЛС: 165-163-793 80
[08-Dec-2025 13:14:18 Europe/Moscow] Найдена дата рождения: 2008-01-17
[08-Dec-2025 13:14:18 Europe/Moscow] Место рождения: {"gorod":"гор. Инта Республика Коми Российская Федерация","oblast":""}
[08-Dec-2025 13:14:18 Europe/Moscow] Адрес регистрации: {"oblast":"Респ Коми","gorod":"г Инта","ulica":"ул Мира","dom":"д 45","korpus":"кв 22","kv":"150020","indecs":"150020"}
[08-Dec-2025 13:14:18 Europe/Moscow] Заявление успешно распарсено (полный парсер)
[08-Dec-2025 13:14:18 Europe/Moscow] Успешно распаршено заявлений: 1
[08-Dec-2025 13:14:18 Europe/Moscow] Начало импорта в базу данных
[08-Dec-2025 13:14:18 Europe/Moscow] Обработка заявления 0: Кирьянова
[08-Dec-2025 13:14:18 Europe/Moscow] Поиск абитуриента по СНИЛС: 165-163-793 80
[08-Dec-2025 13:14:18 Europe/Moscow] Создание нового абитуриента
[08-Dec-2025 13:14:18 Europe/Moscow] Создан новый абитуриент ID: 2100
[08-Dec-2025 13:14:18 Europe/Moscow] Найдено специальностей: 6
[08-Dec-2025 13:14:18 Europe/Moscow] Обработка специальности 0: код='38.02.01', класс=11, форма='Заочная', оплата='Коммерческая'
[08-Dec-2025 13:14:18 Europe/Moscow] Найдена специальность ID: 20
[08-Dec-2025 13:14:18 Europe/Moscow] Комментарий для заявления: Коммерческая; ГУ 08.12.2025
[08-Dec-2025 13:14:18 Europe/Moscow] Заявление успешно создано
[08-Dec-2025 13:14:18 Europe/Moscow] Обработка специальности 1: код='38.02.03', класс=9, форма='Очная', оплата='Бюджетная'
[08-Dec-2025 13:14:18 Europe/Moscow] Найдена специальность ID: 16
[08-Dec-2025 13:14:18 Europe/Moscow] Комментарий для заявления: Бюджетная; ГУ 08.12.2025
[08-Dec-2025 13:14:18 Europe/Moscow] Заявление успешно создано
[08-Dec-2025 13:14:18 Europe/Moscow] Обработка специальности 2: код='29.01.34', класс=9, форма='Очная', оплата='Коммерческая'
[08-Dec-2025 13:14:18 Europe/Moscow] Найдена специальность ID: 1
[08-Dec-2025 13:14:18 Europe/Moscow] Комментарий для заявления: Коммерческая; ГУ 08.12.2025
[08-Dec-2025 13:14:18 Europe/Moscow] Заявление успешно создано
[08-Dec-2025 13:14:18 Europe/Moscow] Обработка специальности 3: код='15.01.38', класс=9, форма='Очная', оплата='Коммерческая'
[08-Dec-2025 13:14:18 Europe/Moscow] Найдена специальность ID: 3
[08-Dec-2025 13:14:18 Europe/Moscow] Комментарий для заявления: Коммерческая; ГУ 08.12.2025
[08-Dec-2025 13:14:18 Europe/Moscow] Заявление успешно создано
[08-Dec-2025 13:14:18 Europe/Moscow] Обработка специальности 4: код='15.02.09', класс=9, форма='Очная', оплата='Коммерческая'
[08-Dec-2025 13:14:18 Europe/Moscow] Найдена специальность ID: 6
[08-Dec-2025 13:14:18 Europe/Moscow] Комментарий для заявления: Коммерческая; ГУ 08.12.2025
[08-Dec-2025 13:14:18 Europe/Moscow] Заявление успешно создано
[08-Dec-2025 13:14:18 Europe/Moscow] Обработка специальности 5: код='40.02.02', класс=9, форма='Очная', оплата='Коммерческая'
[08-Dec-2025 13:14:18 Europe/Moscow] Найдена специальность ID: 9
[08-Dec-2025 13:14:18 Europe/Moscow] Превышен лимит заявлений для абитуриента: Кирьянова
[08-Dec-2025 13:14:18 Europe/Moscow] Импорт завершен успешно
[08-Dec-2025 13:14:18 Europe/Moscow] === END IMPORT PROCESS ===
[08-Dec-2025 13:16:08 Europe/Moscow] === START IMPORT PROCESS ===
[08-Dec-2025 13:16:08 Europe/Moscow] Загрузка файла: Заявление_5700564811_Кирьянова.docx
[08-Dec-2025 13:16:08 Europe/Moscow] Текст извлечен, длина: 6162
[08-Dec-2025 13:16:08 Europe/Moscow] Начало парсинга документа
[08-Dec-2025 13:16:08 Europe/Moscow] Найдено ФИО: Кирьянова Анастасия Васильевна
[08-Dec-2025 13:16:08 Europe/Moscow] Найден СНИЛС: 165-163-793 80
[08-Dec-2025 13:16:08 Europe/Moscow] Найдена дата рождения: 2008-01-17
[08-Dec-2025 13:16:08 Europe/Moscow] Место рождения: {"gorod":"гор. Инта Республика Коми Российская Федерация","oblast":""}
[08-Dec-2025 13:16:08 Europe/Moscow] Адрес регистрации: {"oblast":"Респ Коми","gorod":"г Инта","ulica":"ул Мира","dom":"д 45","korpus":"кв 22","kv":"150020","indecs":"150020"}
[08-Dec-2025 13:16:08 Europe/Moscow] Заявление успешно распарсено (полный парсер)
[08-Dec-2025 13:16:08 Europe/Moscow] Успешно распаршено заявлений: 1
[08-Dec-2025 13:16:08 Europe/Moscow] Начало импорта в базу данных
[08-Dec-2025 13:16:08 Europe/Moscow] Обработка заявления 0: Кирьянова
[08-Dec-2025 13:16:08 Europe/Moscow] Поиск абитуриента по СНИЛС: 165-163-793 80
[08-Dec-2025 13:16:08 Europe/Moscow] Создание нового абитуриента
[08-Dec-2025 13:16:08 Europe/Moscow] Создан новый абитуриент ID: 2101
[08-Dec-2025 13:16:08 Europe/Moscow] Найдено специальностей: 6
[08-Dec-2025 13:16:08 Europe/Moscow] Обработка специальности 0: код='38.02.01', класс=11, форма='Заочная', оплата='Коммерческая'
[08-Dec-2025 13:16:08 Europe/Moscow] Найдена специальность ID: 20
[08-Dec-2025 13:16:08 Europe/Moscow] Комментарий для заявления: Коммерческая; ГУ 08.12.2025
[08-Dec-2025 13:16:08 Europe/Moscow] Заявление успешно создано
[08-Dec-2025 13:16:08 Europe/Moscow] Обработка специальности 1: код='38.02.03', класс=9, форма='Очная', оплата='Бюджетная'
[08-Dec-2025 13:16:08 Europe/Moscow] Найдена специальность ID: 16
[08-Dec-2025 13:16:08 Europe/Moscow] Комментарий для заявления: Бюджетная; ГУ 08.12.2025
[08-Dec-2025 13:16:08 Europe/Moscow] Заявление успешно создано
[08-Dec-2025 13:16:08 Europe/Moscow] Обработка специальности 2: код='29.01.34', класс=9, форма='Очная', оплата='Коммерческая'
[08-Dec-2025 13:16:08 Europe/Moscow] Найдена специальность ID: 1
[08-Dec-2025 13:16:08 Europe/Moscow] Комментарий для заявления: Коммерческая; ГУ 08.12.2025
[08-Dec-2025 13:16:08 Europe/Moscow] Заявление успешно создано
[08-Dec-2025 13:16:08 Europe/Moscow] Обработка специальности 3: код='15.01.38', класс=9, форма='Очная', оплата='Коммерческая'
[08-Dec-2025 13:16:08 Europe/Moscow] Найдена специальность ID: 3
[08-Dec-2025 13:16:08 Europe/Moscow] Комментарий для заявления: Коммерческая; ГУ 08.12.2025
[08-Dec-2025 13:16:08 Europe/Moscow] Заявление успешно создано
[08-Dec-2025 13:16:08 Europe/Moscow] Обработка специальности 4: код='15.02.09', класс=9, форма='Очная', оплата='Коммерческая'
[08-Dec-2025 13:16:08 Europe/Moscow] Найдена специальность ID: 6
[08-Dec-2025 13:16:08 Europe/Moscow] Комментарий для заявления: Коммерческая; ГУ 08.12.2025
[08-Dec-2025 13:16:08 Europe/Moscow] Заявление успешно создано
[08-Dec-2025 13:16:08 Europe/Moscow] Обработка специальности 5: код='40.02.02', класс=9, форма='Очная', оплата='Коммерческая'
[08-Dec-2025 13:16:08 Europe/Moscow] Найдена специальность ID: 9
[08-Dec-2025 13:16:08 Europe/Moscow] Превышен лимит заявлений для абитуриента: Кирьянова
[08-Dec-2025 13:16:08 Europe/Moscow] Импорт завершен успешно
[08-Dec-2025 13:16:08 Europe/Moscow] === END IMPORT PROCESS ===
[08-Dec-2025 13:18:03 Europe/Moscow] === START IMPORT PROCESS ===
[08-Dec-2025 13:18:03 Europe/Moscow] Загрузка файла: Заявление_5700564811_Кирьянова.docx
[08-Dec-2025 13:18:03 Europe/Moscow] Текст извлечен, длина: 6162
[08-Dec-2025 13:18:03 Europe/Moscow] Начало парсинга документа
[08-Dec-2025 13:18:03 Europe/Moscow] Найдено ФИО: Кирьянова Анастасия Васильевна
[08-Dec-2025 13:18:03 Europe/Moscow] Найден СНИЛС: 165-163-793 80
[08-Dec-2025 13:18:03 Europe/Moscow] Найдена дата рождения: 2008-01-17
[08-Dec-2025 13:18:03 Europe/Moscow] Место рождения: {"gorod":"гор. Инта Республика Коми Российская Федерация","oblast":""}
[08-Dec-2025 13:18:03 Europe/Moscow] Адрес регистрации: {"oblast":"Респ Коми","gorod":"г Инта","ulica":"ул Мира","dom":"д 45","korpus":null,"kv":"22","indecs":"150020"}
[08-Dec-2025 13:18:03 Europe/Moscow] Заявление успешно распарсено (полный парсер)
[08-Dec-2025 13:18:03 Europe/Moscow] Успешно распаршено заявлений: 1
[08-Dec-2025 13:18:03 Europe/Moscow] Начало импорта в базу данных
[08-Dec-2025 13:18:03 Europe/Moscow] Обработка заявления 0: Кирьянова
[08-Dec-2025 13:18:03 Europe/Moscow] Поиск абитуриента по СНИЛС: 165-163-793 80
[08-Dec-2025 13:18:03 Europe/Moscow] Создание нового абитуриента
[08-Dec-2025 13:18:03 Europe/Moscow] Создан новый абитуриент ID: 2102
[08-Dec-2025 13:18:03 Europe/Moscow] Найдено специальностей: 6
[08-Dec-2025 13:18:03 Europe/Moscow] Обработка специальности 0: код='38.02.01', класс=11, форма='Заочная', оплата='Коммерческая'
[08-Dec-2025 13:18:03 Europe/Moscow] Найдена специальность ID: 20
[08-Dec-2025 13:18:03 Europe/Moscow] Комментарий для заявления: Коммерческая; ГУ 08.12.2025
[08-Dec-2025 13:18:03 Europe/Moscow] Заявление успешно создано
[08-Dec-2025 13:18:03 Europe/Moscow] Обработка специальности 1: код='38.02.03', класс=9, форма='Очная', оплата='Бюджетная'
[08-Dec-2025 13:18:03 Europe/Moscow] Найдена специальность ID: 16
[08-Dec-2025 13:18:03 Europe/Moscow] Комментарий для заявления: Бюджетная; ГУ 08.12.2025
[08-Dec-2025 13:18:03 Europe/Moscow] Заявление успешно создано
[08-Dec-2025 13:18:03 Europe/Moscow] Обработка специальности 2: код='29.01.34', класс=9, форма='Очная', оплата='Коммерческая'
[08-Dec-2025 13:18:03 Europe/Moscow] Найдена специальность ID: 1
[08-Dec-2025 13:18:03 Europe/Moscow] Комментарий для заявления: Коммерческая; ГУ 08.12.2025
[08-Dec-2025 13:18:03 Europe/Moscow] Заявление успешно создано
[08-Dec-2025 13:18:03 Europe/Moscow] Обработка специальности 3: код='15.01.38', класс=9, форма='Очная', оплата='Коммерческая'
[08-Dec-2025 13:18:03 Europe/Moscow] Найдена специальность ID: 3
[08-Dec-2025 13:18:03 Europe/Moscow] Комментарий для заявления: Коммерческая; ГУ 08.12.2025
[08-Dec-2025 13:18:03 Europe/Moscow] Заявление успешно создано
[08-Dec-2025 13:18:03 Europe/Moscow] Обработка специальности 4: код='15.02.09', класс=9, форма='Очная', оплата='Коммерческая'
[08-Dec-2025 13:18:03 Europe/Moscow] Найдена специальность ID: 6
[08-Dec-2025 13:18:03 Europe/Moscow] Комментарий для заявления: Коммерческая; ГУ 08.12.2025
[08-Dec-2025 13:18:03 Europe/Moscow] Заявление успешно создано
[08-Dec-2025 13:18:03 Europe/Moscow] Обработка специальности 5: код='40.02.02', класс=9, форма='Очная', оплата='Коммерческая'
[08-Dec-2025 13:18:03 Europe/Moscow] Найдена специальность ID: 9
[08-Dec-2025 13:18:03 Europe/Moscow] Превышен лимит заявлений для абитуриента: Кирьянова
[08-Dec-2025 13:18:03 Europe/Moscow] Импорт завершен успешно
[08-Dec-2025 13:18:03 Europe/Moscow] === END IMPORT PROCESS ===
[08-Dec-2025 13:35:14 Europe/Moscow] === START IMPORT PROCESS ===
[08-Dec-2025 13:35:14 Europe/Moscow] Загрузка файла: Заявление_5700564811_Кирьянова.docx
[08-Dec-2025 13:35:14 Europe/Moscow] Текст извлечен, длина: 6162
[08-Dec-2025 13:35:14 Europe/Moscow] Начало парсинга документа
[08-Dec-2025 13:35:14 Europe/Moscow] Найдено ФИО: Кирьянова Анастасия Васильевна
[08-Dec-2025 13:35:14 Europe/Moscow] Найден СНИЛС: 165-163-793 80
[08-Dec-2025 13:35:14 Europe/Moscow] Найдена дата рождения: 2008-01-17
[08-Dec-2025 13:35:14 Europe/Moscow] Место рождения: {"gorod":"гор. Инта Республика Коми Российская Федерация","oblast":""}
[08-Dec-2025 13:35:14 Europe/Moscow] Адрес регистрации: {"oblast":"Респ Коми","gorod":"г Инта","ulica":"ул Мира","dom":"д 45","korpus":null,"kv":"22","indecs":"150020"}
[08-Dec-2025 13:35:14 Europe/Moscow] Заявление успешно распарсено (полный парсер)
[08-Dec-2025 13:35:14 Europe/Moscow] Успешно распаршено заявлений: 1
[08-Dec-2025 13:35:14 Europe/Moscow] Начало импорта в базу данных
[08-Dec-2025 13:35:14 Europe/Moscow] Обработка заявления 0: Кирьянова
[08-Dec-2025 13:35:14 Europe/Moscow] Поиск абитуриента по СНИЛС: 165-163-793 80
[08-Dec-2025 13:35:14 Europe/Moscow] Создание нового абитуриента
[08-Dec-2025 13:35:14 Europe/Moscow] Создан новый абитуриент ID: 2103
[08-Dec-2025 13:35:14 Europe/Moscow] Найдено специальностей: 6
[08-Dec-2025 13:35:14 Europe/Moscow] Обработка специальности 0: код='38.02.01', класс=11, форма='Заочная', оплата='Коммерческая'
[08-Dec-2025 13:35:14 Europe/Moscow] Найдена специальность ID: 20
[08-Dec-2025 13:35:14 Europe/Moscow] Комментарий для заявления: Коммерческая; ГУ 08.12.2025
[08-Dec-2025 13:35:14 Europe/Moscow] Заявление успешно создано
[08-Dec-2025 13:35:14 Europe/Moscow] Обработка специальности 1: код='38.02.03', класс=9, форма='Очная', оплата='Бюджетная'
[08-Dec-2025 13:35:14 Europe/Moscow] Найдена специальность ID: 16
[08-Dec-2025 13:35:14 Europe/Moscow] Комментарий для заявления: Бюджетная; ГУ 08.12.2025
[08-Dec-2025 13:35:14 Europe/Moscow] Заявление успешно создано
[08-Dec-2025 13:35:14 Europe/Moscow] Обработка специальности 2: код='29.01.34', класс=9, форма='Очная', оплата='Коммерческая'
[08-Dec-2025 13:35:14 Europe/Moscow] Найдена специальность ID: 1
[08-Dec-2025 13:35:14 Europe/Moscow] Комментарий для заявления: Коммерческая; ГУ 08.12.2025
[08-Dec-2025 13:35:14 Europe/Moscow] Заявление успешно создано
[08-Dec-2025 13:35:14 Europe/Moscow] Обработка специальности 3: код='15.01.38', класс=9, форма='Очная', оплата='Коммерческая'
[08-Dec-2025 13:35:14 Europe/Moscow] Найдена специальность ID: 3
[08-Dec-2025 13:35:14 Europe/Moscow] Комментарий для заявления: Коммерческая; ГУ 08.12.2025
[08-Dec-2025 13:35:14 Europe/Moscow] Заявление успешно создано
[08-Dec-2025 13:35:14 Europe/Moscow] Обработка специальности 4: код='15.02.09', класс=9, форма='Очная', оплата='Коммерческая'
[08-Dec-2025 13:35:14 Europe/Moscow] Найдена специальность ID: 6
[08-Dec-2025 13:35:14 Europe/Moscow] Комментарий для заявления: Коммерческая; ГУ 08.12.2025
[08-Dec-2025 13:35:14 Europe/Moscow] Заявление успешно создано
[08-Dec-2025 13:35:14 Europe/Moscow] Обработка специальности 5: код='40.02.02', класс=9, форма='Очная', оплата='Коммерческая'
[08-Dec-2025 13:35:14 Europe/Moscow] Найдена специальность ID: 9
[08-Dec-2025 13:35:14 Europe/Moscow] Превышен лимит заявлений для абитуриента: Кирьянова
[08-Dec-2025 13:35:14 Europe/Moscow] Импорт завершен успешно
[08-Dec-2025 13:35:14 Europe/Moscow] === END IMPORT PROCESS ===
[08-Dec-2025 13:37:43 Europe/Moscow] === START IMPORT PROCESS ===
[08-Dec-2025 13:37:43 Europe/Moscow] Загрузка файла: Заявление_5700564811_Кирьянова.docx
[08-Dec-2025 13:37:43 Europe/Moscow] Текст извлечен, длина: 6162
[08-Dec-2025 13:37:43 Europe/Moscow] Начало парсинга документа
[08-Dec-2025 13:37:43 Europe/Moscow] Найдено ФИО: Кирьянова Анастасия Васильевна
[08-Dec-2025 13:37:43 Europe/Moscow] Найден СНИЛС: 165-163-793 80
[08-Dec-2025 13:37:43 Europe/Moscow] Найдена дата рождения: 2008-01-17
[08-Dec-2025 13:37:43 Europe/Moscow] Место рождения: {"gorod":"гор. Инта Республика Коми Российская Федерация","oblast":""}
[08-Dec-2025 13:37:43 Europe/Moscow] Адрес регистрации: {"oblast":"Респ Коми","gorod":"г Инта","ulica":"ул Мира","dom":"д 45","korpus":null,"kv":"22","indecs":"150020"}
[08-Dec-2025 13:37:43 Europe/Moscow] Заявление успешно распарсено (полный парсер)
[08-Dec-2025 13:37:43 Europe/Moscow] Успешно распаршено заявлений: 1
[08-Dec-2025 13:37:43 Europe/Moscow] Начало импорта в базу данных
[08-Dec-2025 13:37:43 Europe/Moscow] Обработка заявления 0: Кирьянова
[08-Dec-2025 13:37:43 Europe/Moscow] Поиск абитуриента по СНИЛС: 165-163-793 80
[08-Dec-2025 13:37:43 Europe/Moscow] Создание нового абитуриента
[08-Dec-2025 13:37:43 Europe/Moscow] Создан новый абитуриент ID: 2104
[08-Dec-2025 13:37:43 Europe/Moscow] Найдено специальностей: 6
[08-Dec-2025 13:37:43 Europe/Moscow] Обработка специальности 0: код='38.02.01', класс=11, форма='Заочная', оплата='Коммерческая'
[08-Dec-2025 13:37:43 Europe/Moscow] Найдена специальность ID: 20
[08-Dec-2025 13:37:43 Europe/Moscow] Комментарий для заявления: Коммерческая; ГУ 08.12.2025
[08-Dec-2025 13:37:43 Europe/Moscow] Заявление успешно создано
[08-Dec-2025 13:37:43 Europe/Moscow] Обработка специальности 1: код='38.02.03', класс=9, форма='Очная', оплата='Бюджетная'
[08-Dec-2025 13:37:43 Europe/Moscow] Найдена специальность ID: 16
[08-Dec-2025 13:37:43 Europe/Moscow] Комментарий для заявления: Бюджетная; ГУ 08.12.2025
[08-Dec-2025 13:37:43 Europe/Moscow] Заявление успешно создано
[08-Dec-2025 13:37:43 Europe/Moscow] Обработка специальности 2: код='29.01.34', класс=9, форма='Очная', оплата='Коммерческая'
[08-Dec-2025 13:37:43 Europe/Moscow] Найдена специальность ID: 1
[08-Dec-2025 13:37:43 Europe/Moscow] Комментарий для заявления: Коммерческая; ГУ 08.12.2025
[08-Dec-2025 13:37:43 Europe/Moscow] Заявление успешно создано
[08-Dec-2025 13:37:43 Europe/Moscow] Обработка специальности 3: код='15.01.38', класс=9, форма='Очная', оплата='Коммерческая'
[08-Dec-2025 13:37:43 Europe/Moscow] Найдена специальность ID: 3
[08-Dec-2025 13:37:43 Europe/Moscow] Комментарий для заявления: Коммерческая; ГУ 08.12.2025
[08-Dec-2025 13:37:43 Europe/Moscow] Заявление успешно создано
[08-Dec-2025 13:37:43 Europe/Moscow] Обработка специальности 4: код='15.02.09', класс=9, форма='Очная', оплата='Коммерческая'
[08-Dec-2025 13:37:43 Europe/Moscow] Найдена специальность ID: 6
[08-Dec-2025 13:37:43 Europe/Moscow] Комментарий для заявления: Коммерческая; ГУ 08.12.2025
[08-Dec-2025 13:37:43 Europe/Moscow] Заявление успешно создано
[08-Dec-2025 13:37:43 Europe/Moscow] Обработка специальности 5: код='40.02.02', класс=9, форма='Очная', оплата='Коммерческая'
[08-Dec-2025 13:37:43 Europe/Moscow] Найдена специальность ID: 9
[08-Dec-2025 13:37:43 Europe/Moscow] Превышен лимит заявлений для абитуриента: Кирьянова
[08-Dec-2025 13:37:43 Europe/Moscow] Импорт завершен успешно
[08-Dec-2025 13:37:43 Europe/Moscow] === END IMPORT PROCESS ===
[08-Dec-2025 13:39:22 Europe/Moscow] === START IMPORT PROCESS ===
[08-Dec-2025 13:39:22 Europe/Moscow] Загрузка файла: Заявление_5700564811_Кирьянова.docx
[08-Dec-2025 13:39:22 Europe/Moscow] Текст извлечен, длина: 6162
[08-Dec-2025 13:39:22 Europe/Moscow] Начало парсинга документа
[08-Dec-2025 13:39:22 Europe/Moscow] Найдено ФИО: Кирьянова Анастасия Васильевна
[08-Dec-2025 13:39:22 Europe/Moscow] Найден СНИЛС: 165-163-793 80
[08-Dec-2025 13:39:22 Europe/Moscow] Найдена дата рождения: 2008-01-17
[08-Dec-2025 13:39:22 Europe/Moscow] Место рождения: {"gorod":"гор. Инта Республика Коми Российская Федерация","oblast":""}
[08-Dec-2025 13:39:22 Europe/Moscow] Адрес регистрации: {"oblast":"Респ Коми","gorod":"г Инта","ulica":"ул Мира","dom":"д 45","korpus":null,"kv":"22","indecs":"150020"}
[08-Dec-2025 13:39:22 Europe/Moscow] Заявление успешно распарсено (полный парсер)
[08-Dec-2025 13:39:22 Europe/Moscow] Успешно распаршено заявлений: 1
[08-Dec-2025 13:39:22 Europe/Moscow] Начало импорта в базу данных
[08-Dec-2025 13:39:22 Europe/Moscow] Обработка заявления 0: Кирьянова
[08-Dec-2025 13:39:22 Europe/Moscow] Поиск абитуриента по СНИЛС: 165-163-793 80
[08-Dec-2025 13:39:22 Europe/Moscow] Создание нового абитуриента
[08-Dec-2025 13:39:22 Europe/Moscow] Создан новый абитуриент ID: 2105
[08-Dec-2025 13:39:22 Europe/Moscow] Найдено специальностей: 6
[08-Dec-2025 13:39:22 Europe/Moscow] Обработка специальности 0: код='38.02.01', класс=11, форма='Заочная', оплата='Коммерческая'
[08-Dec-2025 13:39:22 Europe/Moscow] Найдена специальность ID: 20
[08-Dec-2025 13:39:22 Europe/Moscow] Комментарий для заявления: Коммерческая; ГУ 08.12.2025
[08-Dec-2025 13:39:22 Europe/Moscow] Заявление успешно создано
[08-Dec-2025 13:39:22 Europe/Moscow] Обработка специальности 1: код='38.02.03', класс=9, форма='Очная', оплата='Бюджетная'
[08-Dec-2025 13:39:22 Europe/Moscow] Найдена специальность ID: 16
[08-Dec-2025 13:39:22 Europe/Moscow] Комментарий для заявления: Бюджетная; ГУ 08.12.2025
[08-Dec-2025 13:39:22 Europe/Moscow] Заявление успешно создано
[08-Dec-2025 13:39:22 Europe/Moscow] Обработка специальности 2: код='29.01.34', класс=9, форма='Очная', оплата='Коммерческая'
[08-Dec-2025 13:39:22 Europe/Moscow] Найдена специальность ID: 1
[08-Dec-2025 13:39:22 Europe/Moscow] Комментарий для заявления: Коммерческая; ГУ 08.12.2025
[08-Dec-2025 13:39:22 Europe/Moscow] Заявление успешно создано
[08-Dec-2025 13:39:22 Europe/Moscow] Обработка специальности 3: код='15.01.38', класс=9, форма='Очная', оплата='Коммерческая'
[08-Dec-2025 13:39:22 Europe/Moscow] Найдена специальность ID: 3
[08-Dec-2025 13:39:22 Europe/Moscow] Комментарий для заявления: Коммерческая; ГУ 08.12.2025
[08-Dec-2025 13:39:22 Europe/Moscow] Заявление успешно создано
[08-Dec-2025 13:39:22 Europe/Moscow] Обработка специальности 4: код='15.02.09', класс=9, форма='Очная', оплата='Коммерческая'
[08-Dec-2025 13:39:22 Europe/Moscow] Найдена специальность ID: 6
[08-Dec-2025 13:39:22 Europe/Moscow] Комментарий для заявления: Коммерческая; ГУ 08.12.2025
[08-Dec-2025 13:39:22 Europe/Moscow] Заявление успешно создано
[08-Dec-2025 13:39:22 Europe/Moscow] Обработка специальности 5: код='40.02.02', класс=9, форма='Очная', оплата='Коммерческая'
[08-Dec-2025 13:39:22 Europe/Moscow] Найдена специальность ID: 9
[08-Dec-2025 13:39:22 Europe/Moscow] Превышен лимит заявлений для абитуриента: Кирьянова
[08-Dec-2025 13:39:22 Europe/Moscow] Импорт завершен успешно
[08-Dec-2025 13:39:22 Europe/Moscow] === END IMPORT PROCESS ===
[08-Dec-2025 13:44:48 Europe/Moscow] === START IMPORT PROCESS ===
[08-Dec-2025 13:44:48 Europe/Moscow] Загрузка файла: Заявление_5700564811_Кирьянова.docx
[08-Dec-2025 13:44:48 Europe/Moscow] Текст извлечен, длина: 4579
[08-Dec-2025 13:44:48 Europe/Moscow] Начало парсинга документа
[08-Dec-2025 13:44:48 Europe/Moscow] Найдено ФИО: Кирьянова Анастасия Васильевна
[08-Dec-2025 13:44:48 Europe/Moscow] Найден СНИЛС: 165-163-793 87
[08-Dec-2025 13:44:48 Europe/Moscow] Найдена дата рождения: 2008-01-17
[08-Dec-2025 13:44:48 Europe/Moscow] Место рождения: {"gorod":"гор. Инта Республика Коми Российская Федерация","oblast":""}
[08-Dec-2025 13:44:48 Europe/Moscow] Адрес регистрации: {"oblast":"Респ Коми","gorod":"г Инта","ulica":"ул Мира","dom":"д 45","korpus":null,"kv":"22","indecs":"150020"}
[08-Dec-2025 13:44:48 Europe/Moscow] Заявление успешно распарсено (полный парсер)
[08-Dec-2025 13:44:48 Europe/Moscow] Успешно распаршено заявлений: 1
[08-Dec-2025 13:44:48 Europe/Moscow] Начало импорта в базу данных
[08-Dec-2025 13:44:48 Europe/Moscow] Обработка заявления 0: Кирьянова
[08-Dec-2025 13:44:48 Europe/Moscow] Поиск абитуриента по СНИЛС: 165-163-793 87
[08-Dec-2025 13:44:48 Europe/Moscow] Создание нового абитуриента
[08-Dec-2025 13:44:48 Europe/Moscow] Создан новый абитуриент ID: 2106
[08-Dec-2025 13:44:48 Europe/Moscow] Найдено специальностей: 3
[08-Dec-2025 13:44:48 Europe/Moscow] Обработка специальности 0: код='38.02.01', класс=11, форма='Заочная', оплата='Коммерческая'
[08-Dec-2025 13:44:48 Europe/Moscow] Найдена специальность ID: 20
[08-Dec-2025 13:44:48 Europe/Moscow] Комментарий для заявления: Коммерческая; ГУ 08.12.2025
[08-Dec-2025 13:44:48 Europe/Moscow] Заявление успешно создано
[08-Dec-2025 13:44:48 Europe/Moscow] Обработка специальности 1: код='38.02.03', класс=9, форма='Очная', оплата='Бюджетная'
[08-Dec-2025 13:44:48 Europe/Moscow] Найдена специальность ID: 16
[08-Dec-2025 13:44:48 Europe/Moscow] Комментарий для заявления: Бюджетная; ГУ 08.12.2025
[08-Dec-2025 13:44:48 Europe/Moscow] Заявление успешно создано
[08-Dec-2025 13:44:48 Europe/Moscow] Обработка специальности 2: код='29.01.34', класс=9, форма='Очная', оплата='Коммерческая'
[08-Dec-2025 13:44:48 Europe/Moscow] Найдена специальность ID: 1
[08-Dec-2025 13:44:48 Europe/Moscow] Комментарий для заявления: Коммерческая; ГУ 08.12.2025
[08-Dec-2025 13:44:48 Europe/Moscow] Заявление успешно создано
[08-Dec-2025 13:44:48 Europe/Moscow] Импорт завершен успешно
[08-Dec-2025 13:44:48 Europe/Moscow] === END IMPORT PROCESS ===
[08-Dec-2025 13:56:46 Europe/Moscow] === START IMPORT PROCESS ===
[08-Dec-2025 13:56:46 Europe/Moscow] Загрузка файла: Заявление_5700564811_Кирьянова.docx
[08-Dec-2025 13:56:46 Europe/Moscow] Текст извлечен, длина: 4579
[08-Dec-2025 13:56:46 Europe/Moscow] Начало парсинга документа
[08-Dec-2025 13:56:46 Europe/Moscow] Найдено ФИО: Кирьянова Анастасия Васильевна
[08-Dec-2025 13:56:46 Europe/Moscow] Найден СНИЛС: 165-163-793 87
[08-Dec-2025 13:56:46 Europe/Moscow] Найдена дата рождения: 2008-01-17
[08-Dec-2025 13:56:46 Europe/Moscow] Место рождения: {"gorod":"гор. Инта Республика Коми Российская Федерация","oblast":""}
[08-Dec-2025 13:56:46 Europe/Moscow] Адрес регистрации: {"oblast":"Респ Коми","gorod":"г Инта","ulica":"ул Мира","dom":"д 45","korpus":null,"kv":"22","indecs":"150020"}
[08-Dec-2025 13:56:46 Europe/Moscow] Заявление успешно распарсено (полный парсер)
[08-Dec-2025 13:56:46 Europe/Moscow] Успешно распаршено заявлений: 1
[08-Dec-2025 13:56:46 Europe/Moscow] Начало импорта в базу данных
[08-Dec-2025 13:56:46 Europe/Moscow] Обработка заявления 0: Кирьянова
[08-Dec-2025 13:56:46 Europe/Moscow] Поиск абитуриента по СНИЛС: 165-163-793 87
[08-Dec-2025 13:56:46 Europe/Moscow] Создание нового абитуриента
[08-Dec-2025 13:56:46 Europe/Moscow] Создан новый абитуриент ID: 2107
[08-Dec-2025 13:56:46 Europe/Moscow] Найдено специальностей: 3
[08-Dec-2025 13:56:46 Europe/Moscow] Обработка специальности 0: код='38.02.01', класс=11, форма='Заочная', оплата='Коммерческая'
[08-Dec-2025 13:56:46 Europe/Moscow] Найдена специальность ID: 20
[08-Dec-2025 13:56:46 Europe/Moscow] Комментарий для заявления: Коммерческая; Форма: Заочная; Класс: 11; ГУ 08.12.2025
[08-Dec-2025 13:56:46 Europe/Moscow] Заявление успешно создано
[08-Dec-2025 13:56:46 Europe/Moscow] Обработка специальности 1: код='38.02.03', класс=9, форма='Очная', оплата='Бюджетная'
[08-Dec-2025 13:56:46 Europe/Moscow] Найдена специальность ID: 16
[08-Dec-2025 13:56:46 Europe/Moscow] Комментарий для заявления: Бюджетная; Форма: Очная; Класс: 9; ГУ 08.12.2025
[08-Dec-2025 13:56:46 Europe/Moscow] Заявление успешно создано
[08-Dec-2025 13:56:46 Europe/Moscow] Обработка специальности 2: код='29.01.34', класс=9, форма='Очная', оплата='Коммерческая'
[08-Dec-2025 13:56:46 Europe/Moscow] Найдена специальность ID: 1
[08-Dec-2025 13:56:46 Europe/Moscow] Комментарий для заявления: Коммерческая; Форма: Очная; Класс: 9; ГУ 08.12.2025
[08-Dec-2025 13:56:46 Europe/Moscow] Заявление успешно создано
[08-Dec-2025 13:56:46 Europe/Moscow] Импорт завершен успешно
[08-Dec-2025 13:56:46 Europe/Moscow] === END IMPORT PROCESS ===
[08-Dec-2025 14:02:36 Europe/Moscow] === START IMPORT PROCESS ===
[08-Dec-2025 14:02:36 Europe/Moscow] Загрузка файла: Заявление_5700564811_Кирьянова.docx
[08-Dec-2025 14:02:36 Europe/Moscow] Текст извлечен, длина: 4579
[08-Dec-2025 14:02:36 Europe/Moscow] Начало парсинга документа
[08-Dec-2025 14:02:36 Europe/Moscow] Найдено ФИО: Кирьянова Анастасия Васильевна
[08-Dec-2025 14:02:36 Europe/Moscow] Найден СНИЛС: 165-163-793 87
[08-Dec-2025 14:02:36 Europe/Moscow] Найдена дата рождения: 2008-01-17
[08-Dec-2025 14:02:36 Europe/Moscow] Место рождения: {"gorod":"гор. Инта Республика Коми Российская Федерация","oblast":""}
[08-Dec-2025 14:02:36 Europe/Moscow] Адрес регистрации: {"oblast":"Респ Коми","gorod":"г Инта","ulica":"ул Мира","dom":"д 45","korpus":null,"kv":"22","indecs":"150020"}
[08-Dec-2025 14:02:36 Europe/Moscow] Заявление успешно распарсено (полный парсер)
[08-Dec-2025 14:02:36 Europe/Moscow] Успешно распаршено заявлений: 1
[08-Dec-2025 14:02:36 Europe/Moscow] Начало импорта в базу данных
[08-Dec-2025 14:02:36 Europe/Moscow] Обработка заявления 0: Кирьянова
[08-Dec-2025 14:02:36 Europe/Moscow] Поиск абитуриента по СНИЛС: 165-163-793 87
[08-Dec-2025 14:02:36 Europe/Moscow] Создание нового абитуриента
[08-Dec-2025 14:02:36 Europe/Moscow] Создан новый абитуриент ID: 2108
[08-Dec-2025 14:02:36 Europe/Moscow] Найдено специальностей: 3
[08-Dec-2025 14:02:36 Europe/Moscow] Обработка специальности 0: код='38.02.01', класс=11, форма='Заочная', оплата='Коммерческая'
[08-Dec-2025 14:02:36 Europe/Moscow] Найдена специальность ID: 20
[08-Dec-2025 14:02:36 Europe/Moscow] Комментарий для заявления: Коммерческая; ГУ 08.12.2025
[08-Dec-2025 14:02:36 Europe/Moscow] Заявление успешно создано
[08-Dec-2025 14:02:36 Europe/Moscow] Обработка специальности 1: код='38.02.03', класс=9, форма='Очная', оплата='Бюджетная'
[08-Dec-2025 14:02:36 Europe/Moscow] Найдена специальность ID: 16
[08-Dec-2025 14:02:36 Europe/Moscow] Комментарий для заявления: ГУ 08.12.2025
[08-Dec-2025 14:02:36 Europe/Moscow] Заявление успешно создано
[08-Dec-2025 14:02:36 Europe/Moscow] Обработка специальности 2: код='29.01.34', класс=9, форма='Очная', оплата='Коммерческая'
[08-Dec-2025 14:02:36 Europe/Moscow] Найдена специальность ID: 1
[08-Dec-2025 14:02:36 Europe/Moscow] Комментарий для заявления: Коммерческая; ГУ 08.12.2025
[08-Dec-2025 14:02:36 Europe/Moscow] Заявление успешно создано
[08-Dec-2025 14:02:36 Europe/Moscow] Импорт завершен успешно
[08-Dec-2025 14:02:36 Europe/Moscow] === END IMPORT PROCESS ===
[08-Dec-2025 14:10:57 Europe/Moscow] === START IMPORT PROCESS ===
[08-Dec-2025 14:10:57 Europe/Moscow] Загрузка файла: Заявление_5700564811_Кирьянова.docx
[08-Dec-2025 14:10:57 Europe/Moscow] Текст извлечен, длина: 4579
[08-Dec-2025 14:10:57 Europe/Moscow] Начало парсинга документа
[08-Dec-2025 14:10:57 Europe/Moscow] Найдено ФИО: Кирьянова Анастасия Васильевна
[08-Dec-2025 14:10:57 Europe/Moscow] Найден СНИЛС: 165-163-793 87
[08-Dec-2025 14:10:57 Europe/Moscow] Найдена дата рождения: 2008-01-17
[08-Dec-2025 14:10:57 Europe/Moscow] Место рождения: {"gorod":"гор. Инта Республика Коми Российская Федерация","oblast":""}
[08-Dec-2025 14:10:57 Europe/Moscow] Адрес регистрации: {"oblast":"Респ Коми","gorod":"г Инта","ulica":"ул Мира","dom":"д 45","korpus":null,"kv":"22","indecs":"150020"}
[08-Dec-2025 14:10:57 Europe/Moscow] Заявление успешно распарсено (полный парсер)
[08-Dec-2025 14:10:57 Europe/Moscow] Успешно распаршено заявлений: 1
[08-Dec-2025 14:10:57 Europe/Moscow] Начало импорта в базу данных
[08-Dec-2025 14:10:57 Europe/Moscow] Обработка заявления 0: Кирьянова
[08-Dec-2025 14:10:57 Europe/Moscow] Поиск абитуриента по СНИЛС: 165-163-793 87
[08-Dec-2025 14:10:57 Europe/Moscow] Создание нового абитуриента
[08-Dec-2025 14:10:57 Europe/Moscow] Создан новый абитуриент ID: 2109
[08-Dec-2025 14:10:57 Europe/Moscow] Найдено специальностей: 3
[08-Dec-2025 14:10:57 Europe/Moscow] Обработка специальности 0: код='38.02.01', класс=11, форма='Заочная', оплата='Коммерческая'
[08-Dec-2025 14:10:57 Europe/Moscow] PHP Fatal error:  Uncaught Error: Call to undefined function findClassIdByNum() in C:\OSPanel\domains\pk\pages\save\import_applications.php:707
Stack trace:
#0 C:\OSPanel\domains\pk\pages\save\import_applications.php(230): findSpecialtyByCode()
#1 {main}
  thrown in C:\OSPanel\domains\pk\pages\save\import_applications.php on line 707
[08-Dec-2025 14:19:32 Europe/Moscow] === START IMPORT PROCESS ===
[08-Dec-2025 14:19:32 Europe/Moscow] Загрузка файла: Заявление_5700564811_Кирьянова.docx
[08-Dec-2025 14:19:32 Europe/Moscow] Текст извлечен, длина: 4579
[08-Dec-2025 14:19:32 Europe/Moscow] Начало парсинга документа
[08-Dec-2025 14:19:32 Europe/Moscow] Найдено ФИО: Кирьянова Анастасия Васильевна
[08-Dec-2025 14:19:32 Europe/Moscow] Найден СНИЛС: 165-163-793 87
[08-Dec-2025 14:19:32 Europe/Moscow] Найдена дата рождения: 2008-01-17
[08-Dec-2025 14:19:32 Europe/Moscow] Место рождения: {"gorod":"гор. Инта Республика Коми Российская Федерация","oblast":""}
[08-Dec-2025 14:19:32 Europe/Moscow] Адрес регистрации: {"oblast":"Респ Коми","gorod":"г Инта","ulica":"ул Мира","dom":"д 45","korpus":null,"kv":"22","indecs":"150020"}
[08-Dec-2025 14:19:32 Europe/Moscow] Заявление успешно распарсено (полный парсер)
[08-Dec-2025 14:19:32 Europe/Moscow] Успешно распаршено заявлений: 1
[08-Dec-2025 14:19:32 Europe/Moscow] Начало импорта в базу данных
[08-Dec-2025 14:19:32 Europe/Moscow] Обработка заявления 0: Кирьянова
[08-Dec-2025 14:19:32 Europe/Moscow] Поиск абитуриента по СНИЛС: 165-163-793 87
[08-Dec-2025 14:19:32 Europe/Moscow] Создание нового абитуриента
[08-Dec-2025 14:19:32 Europe/Moscow] Создан новый абитуриент ID: 2110
[08-Dec-2025 14:19:32 Europe/Moscow] Найдено специальностей: 5
[08-Dec-2025 14:19:32 Europe/Moscow] Обработка специальности 0: код='38.02.01', класс=11, форма='Заочная', оплата='Коммерческая'
[08-Dec-2025 14:19:32 Europe/Moscow] Специальность с кодом '38.02.01' не найдена (класс: 11) (форма обучения: Заочная)
[08-Dec-2025 14:19:32 Europe/Moscow] Обработка специальности 1: код='38.02.03', класс=9, форма='Очная', оплата='Бюджетная'
[08-Dec-2025 14:19:32 Europe/Moscow] Специальность с кодом '38.02.03' не найдена (класс: 9) (форма обучения: Очная)
[08-Dec-2025 14:19:32 Europe/Moscow] Обработка специальности 2: код='38.02.01', класс=9, форма='Очная', оплата='Бюджетная'
[08-Dec-2025 14:19:32 Europe/Moscow] Специальность с кодом '38.02.01' не найдена (класс: 9) (форма обучения: Очная)
[08-Dec-2025 14:19:32 Europe/Moscow] Обработка специальности 3: код='38.02.03', класс=9, форма='Заочная', оплата='Коммерческая'
[08-Dec-2025 14:19:32 Europe/Moscow] Специальность с кодом '38.02.03' не найдена (класс: 9) (форма обучения: Заочная)
[08-Dec-2025 14:19:32 Europe/Moscow] Обработка специальности 4: код='29.01.34', класс=9, форма='Очная', оплата='Коммерческая'
[08-Dec-2025 14:19:32 Europe/Moscow] Специальность с кодом '29.01.34' не найдена (класс: 9) (форма обучения: Очная)
[08-Dec-2025 14:19:32 Europe/Moscow] Импорт завершен успешно
[08-Dec-2025 14:19:32 Europe/Moscow] === END IMPORT PROCESS ===
[08-Dec-2025 14:20:35 Europe/Moscow] === START IMPORT PROCESS ===
[08-Dec-2025 14:20:35 Europe/Moscow] Загрузка файла: Заявление_5700564811_Кирьянова.docx
[08-Dec-2025 14:20:35 Europe/Moscow] Текст извлечен, длина: 4579
[08-Dec-2025 14:20:35 Europe/Moscow] Начало парсинга документа
[08-Dec-2025 14:20:35 Europe/Moscow] Найдено ФИО: Кирьянова Анастасия Васильевна
[08-Dec-2025 14:20:35 Europe/Moscow] Найден СНИЛС: 165-163-793 87
[08-Dec-2025 14:20:35 Europe/Moscow] Найдена дата рождения: 2008-01-17
[08-Dec-2025 14:20:35 Europe/Moscow] Место рождения: {"gorod":"гор. Инта Республика Коми Российская Федерация","oblast":""}
[08-Dec-2025 14:20:35 Europe/Moscow] Адрес регистрации: {"oblast":"Респ Коми","gorod":"г Инта","ulica":"ул Мира","dom":"д 45","korpus":null,"kv":"22","indecs":"150020"}
[08-Dec-2025 14:20:35 Europe/Moscow] Заявление успешно распарсено (полный парсер)
[08-Dec-2025 14:20:35 Europe/Moscow] Успешно распаршено заявлений: 1
[08-Dec-2025 14:20:35 Europe/Moscow] Начало импорта в базу данных
[08-Dec-2025 14:20:35 Europe/Moscow] Обработка заявления 0: Кирьянова
[08-Dec-2025 14:20:35 Europe/Moscow] Поиск абитуриента по СНИЛС: 165-163-793 87
[08-Dec-2025 14:20:35 Europe/Moscow] Найден существующий абитуриент ID: 2110
[08-Dec-2025 14:20:35 Europe/Moscow] Найдено специальностей: 3
[08-Dec-2025 14:20:35 Europe/Moscow] Обработка специальности 0: код='38.02.01', класс=11, форма='Заочная', оплата='Коммерческая'
[08-Dec-2025 14:20:35 Europe/Moscow] Найдена специальность ID: 20
[08-Dec-2025 14:20:35 Europe/Moscow] Комментарий для заявления: Коммерческая; ГУ 08.12.2025
[08-Dec-2025 14:20:35 Europe/Moscow] Заявление успешно создано
[08-Dec-2025 14:20:35 Europe/Moscow] Обработка специальности 1: код='38.02.03', класс=9, форма='Очная', оплата='Бюджетная'
[08-Dec-2025 14:20:35 Europe/Moscow] Найдена специальность ID: 16
[08-Dec-2025 14:20:35 Europe/Moscow] Комментарий для заявления: ГУ 08.12.2025
[08-Dec-2025 14:20:35 Europe/Moscow] Заявление успешно создано
[08-Dec-2025 14:20:35 Europe/Moscow] Обработка специальности 2: код='29.01.34', класс=9, форма='Очная', оплата='Коммерческая'
[08-Dec-2025 14:20:35 Europe/Moscow] Найдена специальность ID: 1
[08-Dec-2025 14:20:35 Europe/Moscow] Комментарий для заявления: Коммерческая; ГУ 08.12.2025
[08-Dec-2025 14:20:35 Europe/Moscow] Заявление успешно создано
[08-Dec-2025 14:20:35 Europe/Moscow] Импорт завершен успешно
[08-Dec-2025 14:20:35 Europe/Moscow] === END IMPORT PROCESS ===
[08-Dec-2025 14:21:23 Europe/Moscow] === START IMPORT PROCESS ===
[08-Dec-2025 14:21:23 Europe/Moscow] Загрузка файла: Заявление_5700564811_Кирьянова.docx
[08-Dec-2025 14:21:24 Europe/Moscow] Текст извлечен, длина: 4579
[08-Dec-2025 14:21:24 Europe/Moscow] Начало парсинга документа
[08-Dec-2025 14:21:24 Europe/Moscow] Найдено ФИО: Кирьянова Анастасия Васильевна
[08-Dec-2025 14:21:24 Europe/Moscow] Найден СНИЛС: 165-163-793 87
[08-Dec-2025 14:21:24 Europe/Moscow] Найдена дата рождения: 2008-01-17
[08-Dec-2025 14:21:24 Europe/Moscow] Место рождения: {"gorod":"гор. Инта Республика Коми Российская Федерация","oblast":""}
[08-Dec-2025 14:21:24 Europe/Moscow] Адрес регистрации: {"oblast":"Респ Коми","gorod":"г Инта","ulica":"ул Мира","dom":"д 45","korpus":null,"kv":"22","indecs":"150020"}
[08-Dec-2025 14:21:24 Europe/Moscow] Заявление успешно распарсено (полный парсер)
[08-Dec-2025 14:21:24 Europe/Moscow] Успешно распаршено заявлений: 1
[08-Dec-2025 14:21:24 Europe/Moscow] Начало импорта в базу данных
[08-Dec-2025 14:21:24 Europe/Moscow] Обработка заявления 0: Кирьянова
[08-Dec-2025 14:21:24 Europe/Moscow] Поиск абитуриента по СНИЛС: 165-163-793 87
[08-Dec-2025 14:21:24 Europe/Moscow] Создание нового абитуриента
[08-Dec-2025 14:21:24 Europe/Moscow] Создан новый абитуриент ID: 2111
[08-Dec-2025 14:21:24 Europe/Moscow] Найдено специальностей: 5
[08-Dec-2025 14:21:24 Europe/Moscow] Обработка специальности 0: код='38.02.01', класс=11, форма='Заочная', оплата='Коммерческая'
[08-Dec-2025 14:21:24 Europe/Moscow] Специальность с кодом '38.02.01' не найдена (класс: 11) (форма обучения: Заочная)
[08-Dec-2025 14:21:24 Europe/Moscow] Обработка специальности 1: код='38.02.03', класс=9, форма='Очная', оплата='Бюджетная'
[08-Dec-2025 14:21:24 Europe/Moscow] Специальность с кодом '38.02.03' не найдена (класс: 9) (форма обучения: Очная)
[08-Dec-2025 14:21:24 Europe/Moscow] Обработка специальности 2: код='38.02.01', класс=9, форма='Очная', оплата='Бюджетная'
[08-Dec-2025 14:21:24 Europe/Moscow] Специальность с кодом '38.02.01' не найдена (класс: 9) (форма обучения: Очная)
[08-Dec-2025 14:21:24 Europe/Moscow] Обработка специальности 3: код='38.02.03', класс=9, форма='Заочная', оплата='Коммерческая'
[08-Dec-2025 14:21:24 Europe/Moscow] Специальность с кодом '38.02.03' не найдена (класс: 9) (форма обучения: Заочная)
[08-Dec-2025 14:21:24 Europe/Moscow] Обработка специальности 4: код='29.01.34', класс=9, форма='Очная', оплата='Коммерческая'
[08-Dec-2025 14:21:24 Europe/Moscow] Специальность с кодом '29.01.34' не найдена (класс: 9) (форма обучения: Очная)
[08-Dec-2025 14:21:24 Europe/Moscow] Импорт завершен успешно
[08-Dec-2025 14:21:24 Europe/Moscow] === END IMPORT PROCESS ===
[08-Dec-2025 14:33:45 Europe/Moscow] === START IMPORT PROCESS ===
[08-Dec-2025 14:33:45 Europe/Moscow] Загрузка файла: Заявление_5700564811_Кирьянова.docx
[08-Dec-2025 14:33:45 Europe/Moscow] Текст извлечен, длина: 4579
[08-Dec-2025 14:33:45 Europe/Moscow] Начало парсинга документа
[08-Dec-2025 14:33:45 Europe/Moscow] Найдено ФИО: Кирьянова Анастасия Васильевна
[08-Dec-2025 14:33:45 Europe/Moscow] Найден СНИЛС: 165-163-793 87
[08-Dec-2025 14:33:45 Europe/Moscow] Найдена дата рождения: 2008-01-17
[08-Dec-2025 14:33:45 Europe/Moscow] Место рождения: {"gorod":"гор. Инта Республика Коми Российская Федерация","oblast":""}
[08-Dec-2025 14:33:45 Europe/Moscow] Адрес регистрации: {"oblast":"Респ Коми","gorod":"г Инта","ulica":"ул Мира","dom":"д 45","korpus":null,"kv":"22","indecs":"150020"}
[08-Dec-2025 14:33:45 Europe/Moscow] Заявление успешно распарсено (полный парсер)
[08-Dec-2025 14:33:45 Europe/Moscow] Успешно распаршено заявлений: 1
[08-Dec-2025 14:33:45 Europe/Moscow] Начало импорта в базу данных
[08-Dec-2025 14:33:45 Europe/Moscow] Обработка заявления 0: Кирьянова
[08-Dec-2025 14:33:45 Europe/Moscow] Поиск абитуриента по СНИЛС: 165-163-793 87
[08-Dec-2025 14:33:45 Europe/Moscow] Найден существующий абитуриент ID: 2111
[08-Dec-2025 14:33:45 Europe/Moscow] Найдено специальностей: 5
[08-Dec-2025 14:33:45 Europe/Moscow] Обработка специальности 0: код='38.02.01', класс=11, форма='Заочная', оплата='Коммерческая'
[08-Dec-2025 14:33:45 Europe/Moscow] Специальность с кодом '38.02.01' не найдена (класс: 11) (форма обучения: Заочная)
[08-Dec-2025 14:33:45 Europe/Moscow] Обработка специальности 1: код='38.02.03', класс=9, форма='Очная', оплата='Бюджетная'
[08-Dec-2025 14:33:45 Europe/Moscow] Специальность с кодом '38.02.03' не найдена (класс: 9) (форма обучения: Очная)
[08-Dec-2025 14:33:45 Europe/Moscow] Обработка специальности 2: код='38.02.01', класс=9, форма='Очная', оплата='Бюджетная'
[08-Dec-2025 14:33:45 Europe/Moscow] Специальность с кодом '38.02.01' не найдена (класс: 9) (форма обучения: Очная)
[08-Dec-2025 14:33:45 Europe/Moscow] Обработка специальности 3: код='38.02.03', класс=9, форма='Заочная', оплата='Коммерческая'
[08-Dec-2025 14:33:45 Europe/Moscow] Специальность с кодом '38.02.03' не найдена (класс: 9) (форма обучения: Заочная)
[08-Dec-2025 14:33:45 Europe/Moscow] Обработка специальности 4: код='29.01.34', класс=9, форма='Очная', оплата='Коммерческая'
[08-Dec-2025 14:33:45 Europe/Moscow] Специальность с кодом '29.01.34' не найдена (класс: 9) (форма обучения: Очная)
[08-Dec-2025 14:33:45 Europe/Moscow] Импорт завершен успешно
[08-Dec-2025 14:33:45 Europe/Moscow] === END IMPORT PROCESS ===
[08-Dec-2025 14:39:00 Europe/Moscow] === START IMPORT PROCESS ===
[08-Dec-2025 14:39:00 Europe/Moscow] Загрузка файла: Заявление_5700564811_Кирьянова.docx
[08-Dec-2025 14:39:01 Europe/Moscow] Текст извлечен, длина: 4579
[08-Dec-2025 14:39:01 Europe/Moscow] Начало парсинга документа
[08-Dec-2025 14:39:01 Europe/Moscow] Найдено ФИО: Кирьянова Анастасия Васильевна
[08-Dec-2025 14:39:01 Europe/Moscow] Найден СНИЛС: 165-163-793 87
[08-Dec-2025 14:39:01 Europe/Moscow] Найдена дата рождения: 2008-01-17
[08-Dec-2025 14:39:01 Europe/Moscow] Место рождения: {"gorod":"гор. Инта Республика Коми Российская Федерация","oblast":""}
[08-Dec-2025 14:39:01 Europe/Moscow] Адрес регистрации: {"oblast":"Респ Коми","gorod":"г Инта","ulica":"ул Мира","dom":"д 45","korpus":null,"kv":"22","indecs":"150020"}
[08-Dec-2025 14:39:01 Europe/Moscow] Заявление успешно распарсено (полный парсер)
[08-Dec-2025 14:39:01 Europe/Moscow] Успешно распаршено заявлений: 1
[08-Dec-2025 14:39:01 Europe/Moscow] Начало импорта в базу данных
[08-Dec-2025 14:39:01 Europe/Moscow] Обработка заявления 0: Кирьянова
[08-Dec-2025 14:39:01 Europe/Moscow] Поиск абитуриента по СНИЛС: 165-163-793 87
[08-Dec-2025 14:39:01 Europe/Moscow] Найден существующий абитуриент ID: 2111
[08-Dec-2025 14:39:01 Europe/Moscow] Найдено специальностей: 5
[08-Dec-2025 14:39:01 Europe/Moscow] Обработка специальности 0: код='38.02.01', класс=11, форма='Заочная', оплата='Коммерческая'
[08-Dec-2025 14:39:01 Europe/Moscow] Найдена специальность: ID=20, Код='38.02.01', Сокр='ЭК11заочное', Класс=2, Форма=2
[08-Dec-2025 14:39:01 Europe/Moscow] Найдена специальность ID: 20
[08-Dec-2025 14:39:01 Europe/Moscow] Комментарий для заявления: Коммерческая; ГУ 08.12.2025
[08-Dec-2025 14:39:01 Europe/Moscow] Заявление успешно создано
[08-Dec-2025 14:39:01 Europe/Moscow] Обработка специальности 1: код='38.02.03', класс=9, форма='Очная', оплата='Бюджетная'
[08-Dec-2025 14:39:01 Europe/Moscow] Найдена специальность: ID=16, Код='38.02.03', Сокр='ЛГ9', Класс=1, Форма=1
[08-Dec-2025 14:39:01 Europe/Moscow] Найдена специальность ID: 16
[08-Dec-2025 14:39:01 Europe/Moscow] Комментарий для заявления: ГУ 08.12.2025
[08-Dec-2025 14:39:01 Europe/Moscow] Заявление успешно создано
[08-Dec-2025 14:39:01 Europe/Moscow] Обработка специальности 2: код='38.02.01', класс=9, форма='Очная', оплата='Бюджетная'
[08-Dec-2025 14:39:01 Europe/Moscow] Найдена специальность: ID=13, Код='38.02.01', Сокр='ЭК9', Класс=1, Форма=1
[08-Dec-2025 14:39:01 Europe/Moscow] Найдена специальность ID: 13
[08-Dec-2025 14:39:01 Europe/Moscow] Комментарий для заявления: ГУ 08.12.2025
[08-Dec-2025 14:39:01 Europe/Moscow] Заявление успешно создано
[08-Dec-2025 14:39:01 Europe/Moscow] Обработка специальности 3: код='38.02.03', класс=9, форма='Заочная', оплата='Коммерческая'
[08-Dec-2025 14:39:01 Europe/Moscow] Найдена специальность: ID=23, Код='38.02.03', Сокр='ЛГ9заочное', Класс=1, Форма=2
[08-Dec-2025 14:39:01 Europe/Moscow] Найдена специальность ID: 23
[08-Dec-2025 14:39:01 Europe/Moscow] Комментарий для заявления: Коммерческая; ГУ 08.12.2025
[08-Dec-2025 14:39:01 Europe/Moscow] Заявление успешно создано
[08-Dec-2025 14:39:01 Europe/Moscow] Обработка специальности 4: код='29.01.34', класс=9, форма='Очная', оплата='Коммерческая'
[08-Dec-2025 14:39:01 Europe/Moscow] Найдена специальность: ID=1, Код='29.01.34', Сокр='ШО', Класс=1, Форма=1
[08-Dec-2025 14:39:01 Europe/Moscow] Найдена специальность ID: 1
[08-Dec-2025 14:39:01 Europe/Moscow] Комментарий для заявления: Коммерческая; ГУ 08.12.2025
[08-Dec-2025 14:39:01 Europe/Moscow] Заявление успешно создано
[08-Dec-2025 14:39:01 Europe/Moscow] Импорт завершен успешно
[08-Dec-2025 14:39:01 Europe/Moscow] === END IMPORT PROCESS ===
