[08-Dec-2025 09:35:13 Europe/Moscow] Найдено специальностей: 1
[08-Dec-2025 09:35:13 Europe/Moscow] Код специальности: 38.02.03
[08-Dec-2025 09:35:13 Europe/Moscow] Поиск специальности: код='38.02.03', класс=9
[08-Dec-2025 09:35:13 Europe/Moscow] Найдена специальность: 38.02.03. - Операционная деятельность в логистике (класс: 1)
[08-Dec-2025 09:35:13 Europe/Moscow] Класс не совпадает: ожидалось 9, найдено 1
[08-Dec-2025 09:35:13 Europe/Moscow] Найдена специальность: 38.02.03. - Операционная деятельность в логистике (класс: 1)
[08-Dec-2025 09:35:13 Europe/Moscow] Класс не совпадает: ожидалось 9, найдено 1
[08-Dec-2025 09:35:13 Europe/Moscow] Найдена специальность: 38.02.03. - Операционная деятельность в логистике (класс: 2)
[08-Dec-2025 09:35:13 Europe/Moscow] Класс не совпадает: ожидалось 9, найдено 2
[08-Dec-2025 09:35:57 Europe/Moscow] Найдено специальностей: 1
[08-Dec-2025 09:35:57 Europe/Moscow] Код специальности: 38.02.03
[08-Dec-2025 09:35:57 Europe/Moscow] Поиск специальности: код='38.02.03', класс=9
[08-Dec-2025 09:35:57 Europe/Moscow] Найдена специальность: 38.02.03. - Операционная деятельность в логистике (класс: 1)
[08-Dec-2025 09:35:57 Europe/Moscow] Класс не совпадает: ожидалось 9, найдено 1
[08-Dec-2025 09:35:57 Europe/Moscow] Найдена специальность: 38.02.03. - Операционная деятельность в логистике (класс: 1)
[08-Dec-2025 09:35:57 Europe/Moscow] Класс не совпадает: ожидалось 9, найдено 1
[08-Dec-2025 09:35:57 Europe/Moscow] Найдена специальность: 38.02.03. - Операционная деятельность в логистике (класс: 2)
[08-Dec-2025 09:35:57 Europe/Moscow] Класс не совпадает: ожидалось 9, найдено 2
[08-Dec-2025 09:37:51 Europe/Moscow] Найдено специальностей: 1
[08-Dec-2025 09:37:51 Europe/Moscow] Код специальности: 09.02.07
[08-Dec-2025 09:37:51 Europe/Moscow] Поиск специальности: код='09.02.07', класс=9
[08-Dec-2025 09:37:51 Europe/Moscow] Найдена специальность: 09.02.07. - Информационные системы и программирование (класс: 1)
[08-Dec-2025 09:37:51 Europe/Moscow] Класс не совпадает: ожидалось 9, найдено 1
